2017-04-06 09:43:53,203 INFO n.a.d.j.g.JsonDataGenerator [main] Overriding Simulation Config file from command line to use [ jackieChanSimConfig.json ]
2017-04-06 09:43:53,204 DEBUG n.a.d.j.g.JsonDataGenerator [main] Creating Simulation Runner using Simulation Config [ jackieChanSimConfig.json ]
2017-04-06 09:43:53,304 INFO n.a.d.j.g.JsonDataGenerator [main] Adding Kafka Producer with properties: {type=kafka, broker.server=127.0.0.1, broker.port=9092, topic=jackieChanCommand, flatten=false, sync=false}
2017-04-06 09:43:53,347 INFO n.a.d.j.g.SimulationRunner [main] Adding EventGenerator for [ jackieChan,jackieChanWorkflow.json ]
2017-04-06 09:43:53,348 INFO n.a.d.j.g.SimulationRunner [main] Starting Simulation
2017-04-06 09:43:53,425 DEBUG n.a.d.j.g.t.TypeHandlerFactory [Thread-2] Discovered TypeHandler [ stringMerge,net.acesinc.data.json.generator.types.StringMergeType ]
2017-04-06 09:43:53,426 DEBUG n.a.d.j.g.t.TypeHandlerFactory [Thread-2] Discovered TypeHandler [ now,net.acesinc.data.json.generator.types.NowType ]
2017-04-06 09:43:53,426 DEBUG n.a.d.j.g.t.TypeHandlerFactory [Thread-2] Discovered TypeHandler [ random,net.acesinc.data.json.generator.types.RandomType ]
2017-04-06 09:43:53,426 DEBUG n.a.d.j.g.t.TypeHandlerFactory [Thread-2] Discovered TypeHandler [ long,net.acesinc.data.json.generator.types.LongType ]
2017-04-06 09:43:53,427 DEBUG n.a.d.j.g.t.TypeHandlerFactory [Thread-2] Discovered TypeHandler [ date,net.acesinc.data.json.generator.types.DateType ]
2017-04-06 09:43:53,427 DEBUG n.a.d.j.g.t.TypeHandlerFactory [Thread-2] Discovered TypeHandler [ double,net.acesinc.data.json.generator.types.DoubleType ]
2017-04-06 09:43:53,427 DEBUG n.a.d.j.g.t.TypeHandlerFactory [Thread-2] Discovered TypeHandler [ counter,net.acesinc.data.json.generator.types.CounterType ]
2017-04-06 09:43:53,427 DEBUG n.a.d.j.g.t.TypeHandlerFactory [Thread-2] Discovered TypeHandler [ uuid,net.acesinc.data.json.generator.types.UuidType ]
2017-04-06 09:43:53,428 DEBUG n.a.d.j.g.t.TypeHandlerFactory [Thread-2] Discovered TypeHandler [ lastName,net.acesinc.data.json.generator.types.LastName ]
2017-04-06 09:43:53,428 DEBUG n.a.d.j.g.t.TypeHandlerFactory [Thread-2] Discovered TypeHandler [ boolean,net.acesinc.data.json.generator.types.BooleanType ]
2017-04-06 09:43:53,428 DEBUG n.a.d.j.g.t.TypeHandlerFactory [Thread-2] Discovered TypeHandler [ timestamp,net.acesinc.data.json.generator.types.TimestampType ]
2017-04-06 09:43:53,428 DEBUG n.a.d.j.g.t.TypeHandlerFactory [Thread-2] Discovered TypeHandler [ alphaNumeric,net.acesinc.data.json.generator.types.AlphaNumericType ]
2017-04-06 09:43:53,428 DEBUG n.a.d.j.g.t.TypeHandlerFactory [Thread-2] Discovered TypeHandler [ integer,net.acesinc.data.json.generator.types.IntegerType ]
2017-04-06 09:43:53,428 DEBUG n.a.d.j.g.t.TypeHandlerFactory [Thread-2] Discovered TypeHandler [ nowTimestamp,net.acesinc.data.json.generator.types.NowTimestampType ]
2017-04-06 09:43:53,428 DEBUG n.a.d.j.g.t.TypeHandlerFactory [Thread-2] Discovered TypeHandler [ alpha,net.acesinc.data.json.generator.types.AlphaType ]
2017-04-06 09:43:53,429 DEBUG n.a.d.j.g.t.TypeHandlerFactory [Thread-2] Discovered TypeHandler [ firstName,net.acesinc.data.json.generator.types.FirstName ]
2017-04-06 09:43:53,447 DEBUG n.a.d.j.g.l.KafkaLogger [Thread-2] Sending event to Kafka: [ {"timestamp":"2017-04-06T09:43:53.429Z","style":"KUNG_FU","action":"JUMP","weapon":"CHAIR","target":"BODY","strength":7.576} ]
2017-04-06 09:43:55,850 DEBUG n.a.d.j.g.l.KafkaLogger [Thread-2] Sending event to Kafka: [ {"timestamp":"2017-04-06T09:43:55.849Z","style":"DRUNKEN_BOXING","action":"JUMP","weapon":"CHAIR","target":"LEGS","strength":4.9561} ]
2017-04-06 09:43:57,718 DEBUG n.a.d.j.g.l.KafkaLogger [Thread-2] Sending event to Kafka: [ {"timestamp":"2017-04-06T09:43:57.717Z","style":"DRUNKEN_BOXING","action":"JUMP","weapon":"CHAIR","target":"BODY","strength":9.3333} ]
2017-04-06 09:43:59,876 DEBUG n.a.d.j.g.l.KafkaLogger [Thread-2] Sending event to Kafka: [ {"timestamp":"2017-04-06T09:43:59.875Z","style":"WUSHU","action":"JUMP","weapon":"STAFF","target":"LEGS","strength":8.7567} ]
2017-04-06 09:44:02,122 DEBUG n.a.d.j.g.l.KafkaLogger [Thread-2] Sending event to Kafka: [ {"timestamp":"2017-04-06T09:44:02.121Z","style":"DRUNKEN_BOXING","action":"KICK","weapon":"BROAD_SWORD","target":"LEGS","strength":3.6134} ]
2017-04-06 09:44:02,644 DEBUG n.a.d.j.g.l.KafkaLogger [Thread-2] Sending event to Kafka: [ {"timestamp":"2017-04-06T09:44:02.644Z","style":"WUSHU","action":"PUNCH","weapon":"ROPE","target":"HEAD","strength":8.0287} ]
2017-04-06 09:44:04,981 DEBUG n.a.d.j.g.l.KafkaLogger [Thread-2] Sending event to Kafka: [ {"timestamp":"2017-04-06T09:44:04.980Z","style":"KUNG_FU","action":"JUMP","weapon":"BROAD_SWORD","target":"BODY","strength":7.5746} ]
2017-04-06 09:44:06,667 DEBUG n.a.d.j.g.l.KafkaLogger [Thread-2] Sending event to Kafka: [ {"timestamp":"2017-04-06T09:44:06.667Z","style":"WUSHU","action":"PUNCH","weapon":"BROAD_SWORD","target":"HEAD","strength":1.8878} ]
2017-04-06 09:44:08,614 DEBUG n.a.d.j.g.l.KafkaLogger [Thread-2] Sending event to Kafka: [ {"timestamp":"2017-04-06T09:44:08.613Z","style":"KUNG_FU","action":"KICK","weapon":"CHAIR","target":"ARMS","strength":3.1003} ]
2017-04-06 09:44:10,387 DEBUG n.a.d.j.g.l.KafkaLogger [Thread-2] Sending event to Kafka: [ {"timestamp":"2017-04-06T09:44:10.387Z","style":"WUSHU","action":"JUMP","weapon":"CHAIR","target":"BODY","strength":3.4253} ]
2017-04-06 09:44:12,236 DEBUG n.a.d.j.g.l.KafkaLogger [Thread-2] Sending event to Kafka: [ {"timestamp":"2017-04-06T09:44:12.235Z","style":"WUSHU","action":"KICK","weapon":"ROPE","target":"HEAD","strength":3.0749} ]
2017-04-06 09:44:13,825 DEBUG n.a.d.j.g.l.KafkaLogger [Thread-2] Sending event to Kafka: [ {"timestamp":"2017-04-06T09:44:13.825Z","style":"DRUNKEN_BOXING","action":"BLOCK","weapon":"ROPE","target":"HEAD","strength":1.4639} ]
2017-04-06 09:44:15,837 DEBUG n.a.d.j.g.l.KafkaLogger [Thread-2] Sending event to Kafka: [ {"timestamp":"2017-04-06T09:44:15.836Z","style":"WUSHU","action":"KICK","weapon":"STAFF","target":"ARMS","strength":3.9006} ]
2017-04-06 09:44:17,517 DEBUG n.a.d.j.g.l.KafkaLogger [Thread-2] Sending event to Kafka: [ {"timestamp":"2017-04-06T09:44:17.517Z","style":"KUNG_FU","action":"JUMP","weapon":"STAFF","target":"HEAD","strength":3.8339} ]
2017-04-06 09:44:19,144 DEBUG n.a.d.j.g.l.KafkaLogger [Thread-2] Sending event to Kafka: [ {"timestamp":"2017-04-06T09:44:19.143Z","style":"DRUNKEN_BOXING","action":"BLOCK","weapon":"CHAIR","target":"BODY","strength":1.114} ]
2017-04-06 09:44:21,427 DEBUG n.a.d.j.g.l.KafkaLogger [Thread-2] Sending event to Kafka: [ {"timestamp":"2017-04-06T09:44:21.427Z","style":"WUSHU","action":"BLOCK","weapon":"CHAIR","target":"ARMS","strength":9.8609} ]
2017-04-06 09:44:23,699 DEBUG n.a.d.j.g.l.KafkaLogger [Thread-2] Sending event to Kafka: [ {"timestamp":"2017-04-06T09:44:23.698Z","style":"KUNG_FU","action":"PUNCH","weapon":"BROAD_SWORD","target":"BODY","strength":8.3932} ]
2017-04-06 09:44:25,626 DEBUG n.a.d.j.g.l.KafkaLogger [Thread-2] Sending event to Kafka: [ {"timestamp":"2017-04-06T09:44:25.625Z","style":"DRUNKEN_BOXING","action":"PUNCH","weapon":"BROAD_SWORD","target":"LEGS","strength":3.4374} ]
2017-04-06 09:44:27,907 DEBUG n.a.d.j.g.l.KafkaLogger [Thread-2] Sending event to Kafka: [ {"timestamp":"2017-04-06T09:44:27.906Z","style":"WUSHU","action":"JUMP","weapon":"ROPE","target":"HEAD","strength":2.6805} ]
2017-04-06 09:44:29,565 DEBUG n.a.d.j.g.l.KafkaLogger [Thread-2] Sending event to Kafka: [ {"timestamp":"2017-04-06T09:44:29.564Z","style":"KUNG_FU","action":"KICK","weapon":"STAFF","target":"HEAD","strength":6.3855} ]
2017-04-06 09:44:31,520 DEBUG n.a.d.j.g.l.KafkaLogger [Thread-2] Sending event to Kafka: [ {"timestamp":"2017-04-06T09:44:31.519Z","style":"WUSHU","action":"PUNCH","weapon":"STAFF","target":"BODY","strength":1.9847} ]
2017-04-06 09:44:33,019 DEBUG n.a.d.j.g.l.KafkaLogger [Thread-2] Sending event to Kafka: [ {"timestamp":"2017-04-06T09:44:33.018Z","style":"KUNG_FU","action":"PUNCH","weapon":"STAFF","target":"LEGS","strength":7.1828} ]
2017-04-06 09:44:34,714 DEBUG n.a.d.j.g.l.KafkaLogger [Thread-2] Sending event to Kafka: [ {"timestamp":"2017-04-06T09:44:34.713Z","style":"DRUNKEN_BOXING","action":"JUMP","weapon":"STAFF","target":"HEAD","strength":8.8547} ]
2017-04-06 09:44:36,979 DEBUG n.a.d.j.g.l.KafkaLogger [Thread-2] Sending event to Kafka: [ {"timestamp":"2017-04-06T09:44:36.978Z","style":"KUNG_FU","action":"BLOCK","weapon":"CHAIR","target":"LEGS","strength":9.8637} ]
2017-04-06 09:44:38,829 DEBUG n.a.d.j.g.l.KafkaLogger [Thread-2] Sending event to Kafka: [ {"timestamp":"2017-04-06T09:44:38.829Z","style":"WUSHU","action":"BLOCK","weapon":"CHAIR","target":"LEGS","strength":2.8416} ]
2017-04-06 09:44:41,235 DEBUG n.a.d.j.g.l.KafkaLogger [Thread-2] Sending event to Kafka: [ {"timestamp":"2017-04-06T09:44:41.235Z","style":"DRUNKEN_BOXING","action":"KICK","weapon":"STAFF","target":"BODY","strength":6.5703} ]
2017-04-06 09:44:43,453 DEBUG n.a.d.j.g.l.KafkaLogger [Thread-2] Sending event to Kafka: [ {"timestamp":"2017-04-06T09:44:43.452Z","style":"KUNG_FU","action":"KICK","weapon":"BROAD_SWORD","target":"HEAD","strength":5.0852} ]
2017-04-06 09:44:45,853 DEBUG n.a.d.j.g.l.KafkaLogger [Thread-2] Sending event to Kafka: [ {"timestamp":"2017-04-06T09:44:45.852Z","style":"WUSHU","action":"PUNCH","weapon":"ROPE","target":"HEAD","strength":5.7996} ]
2017-04-06 09:44:47,489 DEBUG n.a.d.j.g.l.KafkaLogger [Thread-2] Sending event to Kafka: [ {"timestamp":"2017-04-06T09:44:47.488Z","style":"DRUNKEN_BOXING","action":"JUMP","weapon":"STAFF","target":"LEGS","strength":2.678} ]
2017-04-06 09:44:49,225 DEBUG n.a.d.j.g.l.KafkaLogger [Thread-2] Sending event to Kafka: [ {"timestamp":"2017-04-06T09:44:49.225Z","style":"KUNG_FU","action":"PUNCH","weapon":"BROAD_SWORD","target":"ARMS","strength":9.5871} ]
2017-04-06 09:44:51,368 DEBUG n.a.d.j.g.l.KafkaLogger [Thread-2] Sending event to Kafka: [ {"timestamp":"2017-04-06T09:44:51.368Z","style":"WUSHU","action":"PUNCH","weapon":"ROPE","target":"HEAD","strength":7.6901} ]
2017-04-06 09:44:53,672 DEBUG n.a.d.j.g.l.KafkaLogger [Thread-2] Sending event to Kafka: [ {"timestamp":"2017-04-06T09:44:53.671Z","style":"WUSHU","action":"PUNCH","weapon":"ROPE","target":"LEGS","strength":5.3274} ]
2017-04-06 09:44:55,705 DEBUG n.a.d.j.g.l.KafkaLogger [Thread-2] Sending event to Kafka: [ {"timestamp":"2017-04-06T09:44:55.705Z","style":"KUNG_FU","action":"BLOCK","weapon":"CHAIR","target":"HEAD","strength":8.7793} ]
2017-04-06 09:44:57,787 DEBUG n.a.d.j.g.l.KafkaLogger [Thread-2] Sending event to Kafka: [ {"timestamp":"2017-04-06T09:44:57.787Z","style":"DRUNKEN_BOXING","action":"BLOCK","weapon":"STAFF","target":"HEAD","strength":3.518} ]
2017-04-06 09:44:59,172 DEBUG n.a.d.j.g.l.KafkaLogger [Thread-2] Sending event to Kafka: [ {"timestamp":"2017-04-06T09:44:59.172Z","style":"KUNG_FU","action":"KICK","weapon":"ROPE","target":"BODY","strength":3.5939} ]
2017-04-06 09:45:01,096 DEBUG n.a.d.j.g.l.KafkaLogger [Thread-2] Sending event to Kafka: [ {"timestamp":"2017-04-06T09:45:01.096Z","style":"KUNG_FU","action":"PUNCH","weapon":"BROAD_SWORD","target":"ARMS","strength":2.7365} ]
2017-04-06 09:45:03,317 DEBUG n.a.d.j.g.l.KafkaLogger [Thread-2] Sending event to Kafka: [ {"timestamp":"2017-04-06T09:45:03.317Z","style":"KUNG_FU","action":"PUNCH","weapon":"ROPE","target":"HEAD","strength":1.703} ]
2017-04-06 09:45:05,243 DEBUG n.a.d.j.g.l.KafkaLogger [Thread-2] Sending event to Kafka: [ {"timestamp":"2017-04-06T09:45:05.243Z","style":"KUNG_FU","action":"JUMP","weapon":"CHAIR","target":"BODY","strength":3.6283} ]
2017-04-06 09:45:06,886 DEBUG n.a.d.j.g.l.KafkaLogger [Thread-2] Sending event to Kafka: [ {"timestamp":"2017-04-06T09:45:06.886Z","style":"WUSHU","action":"KICK","weapon":"ROPE","target":"ARMS","strength":3.3916} ]
2017-04-06 09:45:09,060 DEBUG n.a.d.j.g.l.KafkaLogger [Thread-2] Sending event to Kafka: [ {"timestamp":"2017-04-06T09:45:09.059Z","style":"WUSHU","action":"KICK","weapon":"ROPE","target":"HEAD","strength":1.569} ]
2017-04-06 09:45:10,413 DEBUG n.a.d.j.g.l.KafkaLogger [Thread-2] Sending event to Kafka: [ {"timestamp":"2017-04-06T09:45:10.413Z","style":"DRUNKEN_BOXING","action":"PUNCH","weapon":"BROAD_SWORD","target":"BODY","strength":7.2522} ]
2017-04-06 09:45:12,368 DEBUG n.a.d.j.g.l.KafkaLogger [Thread-2] Sending event to Kafka: [ {"timestamp":"2017-04-06T09:45:12.368Z","style":"KUNG_FU","action":"PUNCH","weapon":"BROAD_SWORD","target":"LEGS","strength":2.1315} ]
2017-04-06 09:45:14,350 DEBUG n.a.d.j.g.l.KafkaLogger [Thread-2] Sending event to Kafka: [ {"timestamp":"2017-04-06T09:45:14.349Z","style":"WUSHU","action":"PUNCH","weapon":"BROAD_SWORD","target":"LEGS","strength":8.323} ]
2017-04-06 09:45:16,285 DEBUG n.a.d.j.g.l.KafkaLogger [Thread-2] Sending event to Kafka: [ {"timestamp":"2017-04-06T09:45:16.285Z","style":"WUSHU","action":"BLOCK","weapon":"CHAIR","target":"LEGS","strength":2.1564} ]
2017-04-06 09:45:18,466 DEBUG n.a.d.j.g.l.KafkaLogger [Thread-2] Sending event to Kafka: [ {"timestamp":"2017-04-06T09:45:18.465Z","style":"WUSHU","action":"JUMP","weapon":"STAFF","target":"LEGS","strength":7.3913} ]
2017-04-06 09:45:20,415 DEBUG n.a.d.j.g.l.KafkaLogger [Thread-2] Sending event to Kafka: [ {"timestamp":"2017-04-06T09:45:20.415Z","style":"DRUNKEN_BOXING","action":"PUNCH","weapon":"CHAIR","target":"HEAD","strength":3.4323} ]
2017-04-06 09:45:22,527 DEBUG n.a.d.j.g.l.KafkaLogger [Thread-2] Sending event to Kafka: [ {"timestamp":"2017-04-06T09:45:22.527Z","style":"DRUNKEN_BOXING","action":"BLOCK","weapon":"CHAIR","target":"BODY","strength":2.634} ]
2017-04-06 09:45:24,670 DEBUG n.a.d.j.g.l.KafkaLogger [Thread-2] Sending event to Kafka: [ {"timestamp":"2017-04-06T09:45:24.670Z","style":"DRUNKEN_BOXING","action":"BLOCK","weapon":"BROAD_SWORD","target":"BODY","strength":1.9954} ]
2017-04-06 09:45:26,181 DEBUG n.a.d.j.g.l.KafkaLogger [Thread-2] Sending event to Kafka: [ {"timestamp":"2017-04-06T09:45:26.181Z","style":"WUSHU","action":"PUNCH","weapon":"STAFF","target":"LEGS","strength":8.7416} ]
2017-04-06 09:45:27,893 DEBUG n.a.d.j.g.l.KafkaLogger [Thread-2] Sending event to Kafka: [ {"timestamp":"2017-04-06T09:45:27.893Z","style":"KUNG_FU","action":"BLOCK","weapon":"ROPE","target":"HEAD","strength":9.3639} ]
2017-04-06 09:45:29,608 DEBUG n.a.d.j.g.l.KafkaLogger [Thread-2] Sending event to Kafka: [ {"timestamp":"2017-04-06T09:45:29.607Z","style":"WUSHU","action":"BLOCK","weapon":"BROAD_SWORD","target":"HEAD","strength":8.1044} ]
2017-04-06 09:45:31,220 DEBUG n.a.d.j.g.l.KafkaLogger [Thread-2] Sending event to Kafka: [ {"timestamp":"2017-04-06T09:45:31.220Z","style":"KUNG_FU","action":"BLOCK","weapon":"STAFF","target":"ARMS","strength":6.5435} ]
2017-04-06 09:45:33,162 DEBUG n.a.d.j.g.l.KafkaLogger [Thread-2] Sending event to Kafka: [ {"timestamp":"2017-04-06T09:45:33.162Z","style":"KUNG_FU","action":"BLOCK","weapon":"CHAIR","target":"LEGS","strength":8.1783} ]
2017-04-06 09:45:34,984 DEBUG n.a.d.j.g.l.KafkaLogger [Thread-2] Sending event to Kafka: [ {"timestamp":"2017-04-06T09:45:34.983Z","style":"DRUNKEN_BOXING","action":"BLOCK","weapon":"CHAIR","target":"BODY","strength":8.0279} ]
2017-04-06 09:45:37,059 DEBUG n.a.d.j.g.l.KafkaLogger [Thread-2] Sending event to Kafka: [ {"timestamp":"2017-04-06T09:45:37.059Z","style":"KUNG_FU","action":"KICK","weapon":"ROPE","target":"HEAD","strength":2.229} ]
2017-04-06 09:45:39,056 DEBUG n.a.d.j.g.l.KafkaLogger [Thread-2] Sending event to Kafka: [ {"timestamp":"2017-04-06T09:45:39.056Z","style":"WUSHU","action":"BLOCK","weapon":"STAFF","target":"ARMS","strength":6.8581} ]
2017-04-06 09:45:40,662 DEBUG n.a.d.j.g.l.KafkaLogger [Thread-2] Sending event to Kafka: [ {"timestamp":"2017-04-06T09:45:40.661Z","style":"DRUNKEN_BOXING","action":"JUMP","weapon":"BROAD_SWORD","target":"ARMS","strength":2.8343} ]
2017-04-06 09:45:42,291 DEBUG n.a.d.j.g.l.KafkaLogger [Thread-2] Sending event to Kafka: [ {"timestamp":"2017-04-06T09:45:42.291Z","style":"KUNG_FU","action":"KICK","weapon":"CHAIR","target":"HEAD","strength":1.8897} ]
2017-04-06 09:45:44,356 DEBUG n.a.d.j.g.l.KafkaLogger [Thread-2] Sending event to Kafka: [ {"timestamp":"2017-04-06T09:45:44.355Z","style":"DRUNKEN_BOXING","action":"BLOCK","weapon":"BROAD_SWORD","target":"ARMS","strength":5.6544} ]
2017-04-06 09:45:46,319 DEBUG n.a.d.j.g.l.KafkaLogger [Thread-2] Sending event to Kafka: [ {"timestamp":"2017-04-06T09:45:46.319Z","style":"DRUNKEN_BOXING","action":"JUMP","weapon":"ROPE","target":"BODY","strength":4.9989} ]
2017-04-06 09:45:48,412 DEBUG n.a.d.j.g.l.KafkaLogger [Thread-2] Sending event to Kafka: [ {"timestamp":"2017-04-06T09:45:48.411Z","style":"KUNG_FU","action":"JUMP","weapon":"BROAD_SWORD","target":"LEGS","strength":2.5085} ]
2017-04-06 09:45:50,243 DEBUG n.a.d.j.g.l.KafkaLogger [Thread-2] Sending event to Kafka: [ {"timestamp":"2017-04-06T09:45:50.243Z","style":"KUNG_FU","action":"JUMP","weapon":"CHAIR","target":"BODY","strength":1.9808} ]
2017-04-06 09:45:52,381 DEBUG n.a.d.j.g.l.KafkaLogger [Thread-2] Sending event to Kafka: [ {"timestamp":"2017-04-06T09:45:52.381Z","style":"WUSHU","action":"KICK","weapon":"ROPE","target":"HEAD","strength":6.9918} ]
2017-04-06 09:45:53,987 DEBUG n.a.d.j.g.l.KafkaLogger [Thread-2] Sending event to Kafka: [ {"timestamp":"2017-04-06T09:45:53.987Z","style":"DRUNKEN_BOXING","action":"KICK","weapon":"CHAIR","target":"HEAD","strength":8.2672} ]
2017-04-06 09:45:55,665 DEBUG n.a.d.j.g.l.KafkaLogger [Thread-2] Sending event to Kafka: [ {"timestamp":"2017-04-06T09:45:55.665Z","style":"DRUNKEN_BOXING","action":"JUMP","weapon":"STAFF","target":"HEAD","strength":8.0778} ]
2017-04-06 09:45:57,083 DEBUG n.a.d.j.g.l.KafkaLogger [Thread-2] Sending event to Kafka: [ {"timestamp":"2017-04-06T09:45:57.083Z","style":"WUSHU","action":"JUMP","weapon":"BROAD_SWORD","target":"HEAD","strength":3.4163} ]
2017-04-06 09:45:59,580 DEBUG n.a.d.j.g.l.KafkaLogger [Thread-2] Sending event to Kafka: [ {"timestamp":"2017-04-06T09:45:59.579Z","style":"KUNG_FU","action":"PUNCH","weapon":"BROAD_SWORD","target":"ARMS","strength":8.0569} ]
2017-04-06 09:46:01,097 DEBUG n.a.d.j.g.l.KafkaLogger [Thread-2] Sending event to Kafka: [ {"timestamp":"2017-04-06T09:46:01.096Z","style":"DRUNKEN_BOXING","action":"PUNCH","weapon":"BROAD_SWORD","target":"BODY","strength":9.1647} ]
2017-04-06 09:46:02,841 DEBUG n.a.d.j.g.l.KafkaLogger [Thread-2] Sending event to Kafka: [ {"timestamp":"2017-04-06T09:46:02.841Z","style":"KUNG_FU","action":"KICK","weapon":"BROAD_SWORD","target":"LEGS","strength":3.0121} ]
2017-04-06 09:46:04,320 DEBUG n.a.d.j.g.l.KafkaLogger [Thread-2] Sending event to Kafka: [ {"timestamp":"2017-04-06T09:46:04.319Z","style":"DRUNKEN_BOXING","action":"BLOCK","weapon":"ROPE","target":"ARMS","strength":8.9505} ]
2017-04-06 09:46:06,233 DEBUG n.a.d.j.g.l.KafkaLogger [Thread-2] Sending event to Kafka: [ {"timestamp":"2017-04-06T09:46:06.232Z","style":"WUSHU","action":"BLOCK","weapon":"BROAD_SWORD","target":"LEGS","strength":8.9161} ]
2017-04-06 09:46:08,158 DEBUG n.a.d.j.g.l.KafkaLogger [Thread-2] Sending event to Kafka: [ {"timestamp":"2017-04-06T09:46:08.158Z","style":"WUSHU","action":"JUMP","weapon":"CHAIR","target":"HEAD","strength":4.421} ]
2017-04-06 09:46:10,224 DEBUG n.a.d.j.g.l.KafkaLogger [Thread-2] Sending event to Kafka: [ {"timestamp":"2017-04-06T09:46:10.224Z","style":"DRUNKEN_BOXING","action":"PUNCH","weapon":"BROAD_SWORD","target":"ARMS","strength":4.5078} ]
2017-04-06 09:46:12,066 DEBUG n.a.d.j.g.l.KafkaLogger [Thread-2] Sending event to Kafka: [ {"timestamp":"2017-04-06T09:46:12.066Z","style":"DRUNKEN_BOXING","action":"KICK","weapon":"CHAIR","target":"ARMS","strength":1.9588} ]
2017-04-06 09:46:14,150 DEBUG n.a.d.j.g.l.KafkaLogger [Thread-2] Sending event to Kafka: [ {"timestamp":"2017-04-06T09:46:14.149Z","style":"WUSHU","action":"JUMP","weapon":"BROAD_SWORD","target":"ARMS","strength":9.8621} ]
2017-04-06 09:46:16,395 DEBUG n.a.d.j.g.l.KafkaLogger [Thread-2] Sending event to Kafka: [ {"timestamp":"2017-04-06T09:46:16.395Z","style":"WUSHU","action":"PUNCH","weapon":"CHAIR","target":"ARMS","strength":2.5605} ]
2017-04-06 09:46:18,585 DEBUG n.a.d.j.g.l.KafkaLogger [Thread-2] Sending event to Kafka: [ {"timestamp":"2017-04-06T09:46:18.584Z","style":"DRUNKEN_BOXING","action":"BLOCK","weapon":"STAFF","target":"ARMS","strength":1.0686} ]
2017-04-06 09:46:20,836 DEBUG n.a.d.j.g.l.KafkaLogger [Thread-2] Sending event to Kafka: [ {"timestamp":"2017-04-06T09:46:20.836Z","style":"KUNG_FU","action":"BLOCK","weapon":"BROAD_SWORD","target":"HEAD","strength":9.0632} ]
2017-04-06 09:46:22,590 DEBUG n.a.d.j.g.l.KafkaLogger [Thread-2] Sending event to Kafka: [ {"timestamp":"2017-04-06T09:46:22.590Z","style":"DRUNKEN_BOXING","action":"KICK","weapon":"ROPE","target":"LEGS","strength":6.5843} ]
2017-04-06 09:46:24,580 DEBUG n.a.d.j.g.l.KafkaLogger [Thread-2] Sending event to Kafka: [ {"timestamp":"2017-04-06T09:46:24.580Z","style":"KUNG_FU","action":"JUMP","weapon":"ROPE","target":"BODY","strength":4.2579} ]
2017-04-06 09:46:26,148 DEBUG n.a.d.j.g.l.KafkaLogger [Thread-2] Sending event to Kafka: [ {"timestamp":"2017-04-06T09:46:26.148Z","style":"DRUNKEN_BOXING","action":"JUMP","weapon":"CHAIR","target":"ARMS","strength":1.5883} ]
2017-04-06 09:46:27,741 DEBUG n.a.d.j.g.l.KafkaLogger [Thread-2] Sending event to Kafka: [ {"timestamp":"2017-04-06T09:46:27.741Z","style":"KUNG_FU","action":"PUNCH","weapon":"ROPE","target":"LEGS","strength":9.5971} ]
2017-04-06 09:46:29,943 DEBUG n.a.d.j.g.l.KafkaLogger [Thread-2] Sending event to Kafka: [ {"timestamp":"2017-04-06T09:46:29.943Z","style":"DRUNKEN_BOXING","action":"KICK","weapon":"STAFF","target":"ARMS","strength":8.3519} ]
2017-04-06 09:46:31,521 DEBUG n.a.d.j.g.l.KafkaLogger [Thread-2] Sending event to Kafka: [ {"timestamp":"2017-04-06T09:46:31.521Z","style":"DRUNKEN_BOXING","action":"PUNCH","weapon":"CHAIR","target":"ARMS","strength":5.1656} ]
2017-04-06 09:46:33,298 DEBUG n.a.d.j.g.l.KafkaLogger [Thread-2] Sending event to Kafka: [ {"timestamp":"2017-04-06T09:46:33.298Z","style":"KUNG_FU","action":"BLOCK","weapon":"CHAIR","target":"HEAD","strength":6.1197} ]
2017-04-06 09:46:34,970 DEBUG n.a.d.j.g.l.KafkaLogger [Thread-2] Sending event to Kafka: [ {"timestamp":"2017-04-06T09:46:34.970Z","style":"KUNG_FU","action":"KICK","weapon":"BROAD_SWORD","target":"LEGS","strength":1.2451} ]
2017-04-06 09:46:36,956 DEBUG n.a.d.j.g.l.KafkaLogger [Thread-2] Sending event to Kafka: [ {"timestamp":"2017-04-06T09:46:36.956Z","style":"KUNG_FU","action":"BLOCK","weapon":"ROPE","target":"LEGS","strength":1.9879} ]
2017-04-06 09:46:39,309 DEBUG n.a.d.j.g.l.KafkaLogger [Thread-2] Sending event to Kafka: [ {"timestamp":"2017-04-06T09:46:39.309Z","style":"WUSHU","action":"PUNCH","weapon":"BROAD_SWORD","target":"LEGS","strength":4.9885} ]
2017-04-06 09:46:41,194 DEBUG n.a.d.j.g.l.KafkaLogger [Thread-2] Sending event to Kafka: [ {"timestamp":"2017-04-06T09:46:41.194Z","style":"WUSHU","action":"BLOCK","weapon":"CHAIR","target":"HEAD","strength":1.5501} ]
2017-04-06 09:46:43,128 DEBUG n.a.d.j.g.l.KafkaLogger [Thread-2] Sending event to Kafka: [ {"timestamp":"2017-04-06T09:46:43.128Z","style":"DRUNKEN_BOXING","action":"KICK","weapon":"BROAD_SWORD","target":"BODY","strength":2.4847} ]
2017-04-06 09:46:44,897 DEBUG n.a.d.j.g.l.KafkaLogger [Thread-2] Sending event to Kafka: [ {"timestamp":"2017-04-06T09:46:44.897Z","style":"WUSHU","action":"PUNCH","weapon":"STAFF","target":"HEAD","strength":2.7717} ]
2017-04-06 09:46:47,064 DEBUG n.a.d.j.g.l.KafkaLogger [Thread-2] Sending event to Kafka: [ {"timestamp":"2017-04-06T09:46:47.064Z","style":"WUSHU","action":"JUMP","weapon":"CHAIR","target":"HEAD","strength":7.3272} ]
2017-04-06 09:46:48,623 DEBUG n.a.d.j.g.l.KafkaLogger [Thread-2] Sending event to Kafka: [ {"timestamp":"2017-04-06T09:46:48.623Z","style":"KUNG_FU","action":"KICK","weapon":"BROAD_SWORD","target":"LEGS","strength":6.3444} ]
2017-04-06 09:46:50,623 DEBUG n.a.d.j.g.l.KafkaLogger [Thread-2] Sending event to Kafka: [ {"timestamp":"2017-04-06T09:46:50.622Z","style":"DRUNKEN_BOXING","action":"BLOCK","weapon":"BROAD_SWORD","target":"ARMS","strength":7.9112} ]
2017-04-06 09:46:52,786 DEBUG n.a.d.j.g.l.KafkaLogger [Thread-2] Sending event to Kafka: [ {"timestamp":"2017-04-06T09:46:52.786Z","style":"WUSHU","action":"PUNCH","weapon":"ROPE","target":"HEAD","strength":4.1843} ]
2017-04-06 09:46:54,846 DEBUG n.a.d.j.g.l.KafkaLogger [Thread-2] Sending event to Kafka: [ {"timestamp":"2017-04-06T09:46:54.844Z","style":"KUNG_FU","action":"PUNCH","weapon":"CHAIR","target":"LEGS","strength":8.214} ]
2017-04-06 09:46:56,717 DEBUG n.a.d.j.g.l.KafkaLogger [Thread-2] Sending event to Kafka: [ {"timestamp":"2017-04-06T09:46:56.716Z","style":"KUNG_FU","action":"JUMP","weapon":"STAFF","target":"BODY","strength":7.3688} ]
2017-04-06 09:46:59,027 DEBUG n.a.d.j.g.l.KafkaLogger [Thread-2] Sending event to Kafka: [ {"timestamp":"2017-04-06T09:46:59.027Z","style":"WUSHU","action":"KICK","weapon":"STAFF","target":"HEAD","strength":3.1283} ]
2017-04-06 09:47:01,402 DEBUG n.a.d.j.g.l.KafkaLogger [Thread-2] Sending event to Kafka: [ {"timestamp":"2017-04-06T09:47:01.402Z","style":"KUNG_FU","action":"JUMP","weapon":"CHAIR","target":"LEGS","strength":3.581} ]
2017-04-06 09:47:03,352 DEBUG n.a.d.j.g.l.KafkaLogger [Thread-2] Sending event to Kafka: [ {"timestamp":"2017-04-06T09:47:03.351Z","style":"WUSHU","action":"BLOCK","weapon":"ROPE","target":"LEGS","strength":6.3282} ]
2017-04-06 09:47:05,209 DEBUG n.a.d.j.g.l.KafkaLogger [Thread-2] Sending event to Kafka: [ {"timestamp":"2017-04-06T09:47:05.209Z","style":"DRUNKEN_BOXING","action":"BLOCK","weapon":"BROAD_SWORD","target":"ARMS","strength":5.5601} ]
2017-04-06 09:47:07,342 DEBUG n.a.d.j.g.l.KafkaLogger [Thread-2] Sending event to Kafka: [ {"timestamp":"2017-04-06T09:47:07.341Z","style":"WUSHU","action":"KICK","weapon":"BROAD_SWORD","target":"ARMS","strength":1.6542} ]
2017-04-06 09:47:09,474 DEBUG n.a.d.j.g.l.KafkaLogger [Thread-2] Sending event to Kafka: [ {"timestamp":"2017-04-06T09:47:09.474Z","style":"DRUNKEN_BOXING","action":"PUNCH","weapon":"BROAD_SWORD","target":"ARMS","strength":8.4654} ]
2017-04-06 09:47:11,229 DEBUG n.a.d.j.g.l.KafkaLogger [Thread-2] Sending event to Kafka: [ {"timestamp":"2017-04-06T09:47:11.229Z","style":"KUNG_FU","action":"KICK","weapon":"STAFF","target":"BODY","strength":7.5885} ]
2017-04-06 09:47:13,073 DEBUG n.a.d.j.g.l.KafkaLogger [Thread-2] Sending event to Kafka: [ {"timestamp":"2017-04-06T09:47:13.072Z","style":"WUSHU","action":"BLOCK","weapon":"BROAD_SWORD","target":"BODY","strength":1.8677} ]
2017-04-06 09:47:15,339 DEBUG n.a.d.j.g.l.KafkaLogger [Thread-2] Sending event to Kafka: [ {"timestamp":"2017-04-06T09:47:15.339Z","style":"WUSHU","action":"JUMP","weapon":"CHAIR","target":"ARMS","strength":2.2092} ]
2017-04-06 09:47:17,535 DEBUG n.a.d.j.g.l.KafkaLogger [Thread-2] Sending event to Kafka: [ {"timestamp":"2017-04-06T09:47:17.535Z","style":"WUSHU","action":"PUNCH","weapon":"CHAIR","target":"HEAD","strength":8.0218} ]
2017-04-06 09:47:19,525 DEBUG n.a.d.j.g.l.KafkaLogger [Thread-2] Sending event to Kafka: [ {"timestamp":"2017-04-06T09:47:19.524Z","style":"KUNG_FU","action":"KICK","weapon":"BROAD_SWORD","target":"LEGS","strength":3.1965} ]
2017-04-06 09:47:21,421 DEBUG n.a.d.j.g.l.KafkaLogger [Thread-2] Sending event to Kafka: [ {"timestamp":"2017-04-06T09:47:21.420Z","style":"DRUNKEN_BOXING","action":"JUMP","weapon":"STAFF","target":"LEGS","strength":5.4633} ]
2017-04-06 09:47:22,865 DEBUG n.a.d.j.g.l.KafkaLogger [Thread-2] Sending event to Kafka: [ {"timestamp":"2017-04-06T09:47:22.865Z","style":"KUNG_FU","action":"BLOCK","weapon":"ROPE","target":"ARMS","strength":5.8272} ]
2017-04-06 09:47:24,663 DEBUG n.a.d.j.g.l.KafkaLogger [Thread-2] Sending event to Kafka: [ {"timestamp":"2017-04-06T09:47:24.663Z","style":"DRUNKEN_BOXING","action":"PUNCH","weapon":"ROPE","target":"LEGS","strength":2.9642} ]
2017-04-06 09:47:26,532 DEBUG n.a.d.j.g.l.KafkaLogger [Thread-2] Sending event to Kafka: [ {"timestamp":"2017-04-06T09:47:26.532Z","style":"WUSHU","action":"JUMP","weapon":"CHAIR","target":"BODY","strength":9.2321} ]
2017-04-06 09:47:28,254 DEBUG n.a.d.j.g.l.KafkaLogger [Thread-2] Sending event to Kafka: [ {"timestamp":"2017-04-06T09:47:28.254Z","style":"WUSHU","action":"JUMP","weapon":"BROAD_SWORD","target":"LEGS","strength":6.6862} ]
2017-04-06 09:47:30,063 DEBUG n.a.d.j.g.l.KafkaLogger [Thread-2] Sending event to Kafka: [ {"timestamp":"2017-04-06T09:47:30.063Z","style":"KUNG_FU","action":"KICK","weapon":"CHAIR","target":"HEAD","strength":4.4641} ]
2017-04-06 09:47:31,825 DEBUG n.a.d.j.g.l.KafkaLogger [Thread-2] Sending event to Kafka: [ {"timestamp":"2017-04-06T09:47:31.825Z","style":"WUSHU","action":"JUMP","weapon":"CHAIR","target":"LEGS","strength":8.557} ]
2017-04-06 09:47:34,204 DEBUG n.a.d.j.g.l.KafkaLogger [Thread-2] Sending event to Kafka: [ {"timestamp":"2017-04-06T09:47:34.204Z","style":"WUSHU","action":"PUNCH","weapon":"CHAIR","target":"ARMS","strength":8.5857} ]
2017-04-06 09:47:36,075 DEBUG n.a.d.j.g.l.KafkaLogger [Thread-2] Sending event to Kafka: [ {"timestamp":"2017-04-06T09:47:36.074Z","style":"DRUNKEN_BOXING","action":"KICK","weapon":"CHAIR","target":"BODY","strength":2.5722} ]
2017-04-06 09:47:38,171 DEBUG n.a.d.j.g.l.KafkaLogger [Thread-2] Sending event to Kafka: [ {"timestamp":"2017-04-06T09:47:38.170Z","style":"WUSHU","action":"PUNCH","weapon":"STAFF","target":"ARMS","strength":2.1653} ]
2017-04-06 09:47:39,894 DEBUG n.a.d.j.g.l.KafkaLogger [Thread-2] Sending event to Kafka: [ {"timestamp":"2017-04-06T09:47:39.894Z","style":"KUNG_FU","action":"BLOCK","weapon":"STAFF","target":"BODY","strength":2.8748} ]
2017-04-06 09:47:41,559 DEBUG n.a.d.j.g.l.KafkaLogger [Thread-2] Sending event to Kafka: [ {"timestamp":"2017-04-06T09:47:41.559Z","style":"KUNG_FU","action":"BLOCK","weapon":"BROAD_SWORD","target":"BODY","strength":4.3522} ]
2017-04-06 09:47:43,189 DEBUG n.a.d.j.g.l.KafkaLogger [Thread-2] Sending event to Kafka: [ {"timestamp":"2017-04-06T09:47:43.189Z","style":"DRUNKEN_BOXING","action":"KICK","weapon":"CHAIR","target":"LEGS","strength":8.1005} ]
2017-04-06 09:47:45,271 DEBUG n.a.d.j.g.l.KafkaLogger [Thread-2] Sending event to Kafka: [ {"timestamp":"2017-04-06T09:47:45.271Z","style":"WUSHU","action":"BLOCK","weapon":"CHAIR","target":"ARMS","strength":8.3961} ]
2017-04-06 09:47:47,099 DEBUG n.a.d.j.g.l.KafkaLogger [Thread-2] Sending event to Kafka: [ {"timestamp":"2017-04-06T09:47:47.099Z","style":"WUSHU","action":"BLOCK","weapon":"STAFF","target":"ARMS","strength":3.979} ]
2017-04-06 09:47:49,225 DEBUG n.a.d.j.g.l.KafkaLogger [Thread-2] Sending event to Kafka: [ {"timestamp":"2017-04-06T09:47:49.224Z","style":"KUNG_FU","action":"KICK","weapon":"CHAIR","target":"BODY","strength":9.813} ]
2017-04-06 09:47:51,019 DEBUG n.a.d.j.g.l.KafkaLogger [Thread-2] Sending event to Kafka: [ {"timestamp":"2017-04-06T09:47:51.019Z","style":"KUNG_FU","action":"KICK","weapon":"CHAIR","target":"ARMS","strength":8.4852} ]
2017-04-06 09:47:53,248 DEBUG n.a.d.j.g.l.KafkaLogger [Thread-2] Sending event to Kafka: [ {"timestamp":"2017-04-06T09:47:53.248Z","style":"DRUNKEN_BOXING","action":"PUNCH","weapon":"CHAIR","target":"ARMS","strength":9.8415} ]
2017-04-06 09:47:54,962 DEBUG n.a.d.j.g.l.KafkaLogger [Thread-2] Sending event to Kafka: [ {"timestamp":"2017-04-06T09:47:54.961Z","style":"KUNG_FU","action":"PUNCH","weapon":"CHAIR","target":"ARMS","strength":6.7123} ]
2017-04-06 09:47:57,086 DEBUG n.a.d.j.g.l.KafkaLogger [Thread-2] Sending event to Kafka: [ {"timestamp":"2017-04-06T09:47:57.086Z","style":"DRUNKEN_BOXING","action":"PUNCH","weapon":"STAFF","target":"ARMS","strength":4.7788} ]
2017-04-06 09:47:58,761 DEBUG n.a.d.j.g.l.KafkaLogger [Thread-2] Sending event to Kafka: [ {"timestamp":"2017-04-06T09:47:58.760Z","style":"KUNG_FU","action":"PUNCH","weapon":"CHAIR","target":"BODY","strength":6.9358} ]
2017-04-06 09:48:00,515 DEBUG n.a.d.j.g.l.KafkaLogger [Thread-2] Sending event to Kafka: [ {"timestamp":"2017-04-06T09:48:00.515Z","style":"KUNG_FU","action":"BLOCK","weapon":"BROAD_SWORD","target":"HEAD","strength":1.836} ]
2017-04-06 09:48:02,292 DEBUG n.a.d.j.g.l.KafkaLogger [Thread-2] Sending event to Kafka: [ {"timestamp":"2017-04-06T09:48:02.291Z","style":"DRUNKEN_BOXING","action":"BLOCK","weapon":"CHAIR","target":"BODY","strength":3.2387} ]
2017-04-06 09:48:03,942 DEBUG n.a.d.j.g.l.KafkaLogger [Thread-2] Sending event to Kafka: [ {"timestamp":"2017-04-06T09:48:03.942Z","style":"DRUNKEN_BOXING","action":"PUNCH","weapon":"CHAIR","target":"ARMS","strength":6.3826} ]
2017-04-06 09:48:05,739 DEBUG n.a.d.j.g.l.KafkaLogger [Thread-2] Sending event to Kafka: [ {"timestamp":"2017-04-06T09:48:05.739Z","style":"DRUNKEN_BOXING","action":"JUMP","weapon":"STAFF","target":"BODY","strength":5.3186} ]
2017-04-06 09:48:07,921 DEBUG n.a.d.j.g.l.KafkaLogger [Thread-2] Sending event to Kafka: [ {"timestamp":"2017-04-06T09:48:07.920Z","style":"WUSHU","action":"BLOCK","weapon":"ROPE","target":"BODY","strength":9.5995} ]
2017-04-06 09:48:10,097 DEBUG n.a.d.j.g.l.KafkaLogger [Thread-2] Sending event to Kafka: [ {"timestamp":"2017-04-06T09:48:10.097Z","style":"DRUNKEN_BOXING","action":"KICK","weapon":"ROPE","target":"LEGS","strength":5.2868} ]
2017-04-06 09:48:11,790 DEBUG n.a.d.j.g.l.KafkaLogger [Thread-2] Sending event to Kafka: [ {"timestamp":"2017-04-06T09:48:11.790Z","style":"KUNG_FU","action":"JUMP","weapon":"BROAD_SWORD","target":"ARMS","strength":2.3724} ]
2017-04-06 09:48:13,687 DEBUG n.a.d.j.g.l.KafkaLogger [Thread-2] Sending event to Kafka: [ {"timestamp":"2017-04-06T09:48:13.687Z","style":"DRUNKEN_BOXING","action":"KICK","weapon":"STAFF","target":"LEGS","strength":2.0576} ]
2017-04-06 09:48:15,124 DEBUG n.a.d.j.g.l.KafkaLogger [Thread-2] Sending event to Kafka: [ {"timestamp":"2017-04-06T09:48:15.124Z","style":"WUSHU","action":"PUNCH","weapon":"BROAD_SWORD","target":"ARMS","strength":3.6209} ]
2017-04-06 09:48:16,778 DEBUG n.a.d.j.g.l.KafkaLogger [Thread-2] Sending event to Kafka: [ {"timestamp":"2017-04-06T09:48:16.778Z","style":"WUSHU","action":"PUNCH","weapon":"BROAD_SWORD","target":"LEGS","strength":5.2974} ]
2017-04-06 09:48:18,515 DEBUG n.a.d.j.g.l.KafkaLogger [Thread-2] Sending event to Kafka: [ {"timestamp":"2017-04-06T09:48:18.514Z","style":"WUSHU","action":"PUNCH","weapon":"BROAD_SWORD","target":"ARMS","strength":7.579} ]
2017-04-06 09:48:20,454 DEBUG n.a.d.j.g.l.KafkaLogger [Thread-2] Sending event to Kafka: [ {"timestamp":"2017-04-06T09:48:20.453Z","style":"WUSHU","action":"BLOCK","weapon":"ROPE","target":"LEGS","strength":2.4364} ]
2017-04-06 09:48:22,744 DEBUG n.a.d.j.g.l.KafkaLogger [Thread-2] Sending event to Kafka: [ {"timestamp":"2017-04-06T09:48:22.744Z","style":"KUNG_FU","action":"PUNCH","weapon":"STAFF","target":"LEGS","strength":9.8594} ]
2017-04-06 09:48:24,262 DEBUG n.a.d.j.g.l.KafkaLogger [Thread-2] Sending event to Kafka: [ {"timestamp":"2017-04-06T09:48:24.262Z","style":"DRUNKEN_BOXING","action":"KICK","weapon":"ROPE","target":"BODY","strength":5.3194} ]
2017-04-06 09:48:26,370 DEBUG n.a.d.j.g.l.KafkaLogger [Thread-2] Sending event to Kafka: [ {"timestamp":"2017-04-06T09:48:26.370Z","style":"KUNG_FU","action":"KICK","weapon":"STAFF","target":"ARMS","strength":3.5107} ]
2017-04-06 09:48:28,269 DEBUG n.a.d.j.g.l.KafkaLogger [Thread-2] Sending event to Kafka: [ {"timestamp":"2017-04-06T09:48:28.268Z","style":"KUNG_FU","action":"BLOCK","weapon":"CHAIR","target":"ARMS","strength":7.1808} ]
2017-04-06 09:48:30,119 DEBUG n.a.d.j.g.l.KafkaLogger [Thread-2] Sending event to Kafka: [ {"timestamp":"2017-04-06T09:48:30.118Z","style":"WUSHU","action":"BLOCK","weapon":"CHAIR","target":"HEAD","strength":3.9127} ]
2017-04-06 09:48:32,136 DEBUG n.a.d.j.g.l.KafkaLogger [Thread-2] Sending event to Kafka: [ {"timestamp":"2017-04-06T09:48:32.136Z","style":"WUSHU","action":"JUMP","weapon":"BROAD_SWORD","target":"LEGS","strength":3.5501} ]
2017-04-06 09:48:33,988 DEBUG n.a.d.j.g.l.KafkaLogger [Thread-2] Sending event to Kafka: [ {"timestamp":"2017-04-06T09:48:33.988Z","style":"WUSHU","action":"BLOCK","weapon":"ROPE","target":"BODY","strength":4.9615} ]
2017-04-06 09:48:36,236 DEBUG n.a.d.j.g.l.KafkaLogger [Thread-2] Sending event to Kafka: [ {"timestamp":"2017-04-06T09:48:36.235Z","style":"WUSHU","action":"BLOCK","weapon":"CHAIR","target":"LEGS","strength":2.8358} ]
2017-04-06 09:48:38,262 DEBUG n.a.d.j.g.l.KafkaLogger [Thread-2] Sending event to Kafka: [ {"timestamp":"2017-04-06T09:48:38.261Z","style":"KUNG_FU","action":"JUMP","weapon":"BROAD_SWORD","target":"LEGS","strength":4.9404} ]
2017-04-06 09:48:40,309 DEBUG n.a.d.j.g.l.KafkaLogger [Thread-2] Sending event to Kafka: [ {"timestamp":"2017-04-06T09:48:40.309Z","style":"WUSHU","action":"PUNCH","weapon":"STAFF","target":"ARMS","strength":4.8745} ]
2017-04-06 09:48:41,914 DEBUG n.a.d.j.g.l.KafkaLogger [Thread-2] Sending event to Kafka: [ {"timestamp":"2017-04-06T09:48:41.914Z","style":"KUNG_FU","action":"JUMP","weapon":"CHAIR","target":"LEGS","strength":4.1111} ]
2017-04-06 09:48:44,068 DEBUG n.a.d.j.g.l.KafkaLogger [Thread-2] Sending event to Kafka: [ {"timestamp":"2017-04-06T09:48:44.068Z","style":"DRUNKEN_BOXING","action":"BLOCK","weapon":"STAFF","target":"LEGS","strength":4.985} ]
2017-04-06 09:48:45,789 DEBUG n.a.d.j.g.l.KafkaLogger [Thread-2] Sending event to Kafka: [ {"timestamp":"2017-04-06T09:48:45.789Z","style":"WUSHU","action":"KICK","weapon":"STAFF","target":"ARMS","strength":8.9238} ]
2017-04-06 09:48:47,889 DEBUG n.a.d.j.g.l.KafkaLogger [Thread-2] Sending event to Kafka: [ {"timestamp":"2017-04-06T09:48:47.889Z","style":"DRUNKEN_BOXING","action":"PUNCH","weapon":"STAFF","target":"LEGS","strength":2.6229} ]
2017-04-06 09:48:50,062 DEBUG n.a.d.j.g.l.KafkaLogger [Thread-2] Sending event to Kafka: [ {"timestamp":"2017-04-06T09:48:50.062Z","style":"KUNG_FU","action":"BLOCK","weapon":"STAFF","target":"ARMS","strength":6.8413} ]
2017-04-06 09:48:51,835 DEBUG n.a.d.j.g.l.KafkaLogger [Thread-2] Sending event to Kafka: [ {"timestamp":"2017-04-06T09:48:51.835Z","style":"KUNG_FU","action":"PUNCH","weapon":"CHAIR","target":"BODY","strength":4.8017} ]
2017-04-06 09:48:54,005 DEBUG n.a.d.j.g.l.KafkaLogger [Thread-2] Sending event to Kafka: [ {"timestamp":"2017-04-06T09:48:54.005Z","style":"KUNG_FU","action":"JUMP","weapon":"CHAIR","target":"ARMS","strength":9.7949} ]
2017-04-06 09:48:56,397 DEBUG n.a.d.j.g.l.KafkaLogger [Thread-2] Sending event to Kafka: [ {"timestamp":"2017-04-06T09:48:56.397Z","style":"KUNG_FU","action":"KICK","weapon":"ROPE","target":"ARMS","strength":4.0344} ]
2017-04-06 09:48:58,324 DEBUG n.a.d.j.g.l.KafkaLogger [Thread-2] Sending event to Kafka: [ {"timestamp":"2017-04-06T09:48:58.324Z","style":"KUNG_FU","action":"BLOCK","weapon":"BROAD_SWORD","target":"LEGS","strength":6.8962} ]
2017-04-06 09:49:00,561 DEBUG n.a.d.j.g.l.KafkaLogger [Thread-2] Sending event to Kafka: [ {"timestamp":"2017-04-06T09:49:00.560Z","style":"KUNG_FU","action":"KICK","weapon":"BROAD_SWORD","target":"ARMS","strength":5.7736} ]
2017-04-06 09:49:02,541 DEBUG n.a.d.j.g.l.KafkaLogger [Thread-2] Sending event to Kafka: [ {"timestamp":"2017-04-06T09:49:02.541Z","style":"DRUNKEN_BOXING","action":"KICK","weapon":"ROPE","target":"BODY","strength":2.0711} ]
2017-04-06 09:49:04,380 DEBUG n.a.d.j.g.l.KafkaLogger [Thread-2] Sending event to Kafka: [ {"timestamp":"2017-04-06T09:49:04.380Z","style":"DRUNKEN_BOXING","action":"KICK","weapon":"BROAD_SWORD","target":"HEAD","strength":1.5942} ]
2017-04-06 09:49:06,323 DEBUG n.a.d.j.g.l.KafkaLogger [Thread-2] Sending event to Kafka: [ {"timestamp":"2017-04-06T09:49:06.323Z","style":"KUNG_FU","action":"JUMP","weapon":"STAFF","target":"LEGS","strength":8.0749} ]
2017-04-06 09:49:07,914 DEBUG n.a.d.j.g.l.KafkaLogger [Thread-2] Sending event to Kafka: [ {"timestamp":"2017-04-06T09:49:07.914Z","style":"WUSHU","action":"JUMP","weapon":"BROAD_SWORD","target":"ARMS","strength":4.6925} ]
2017-04-06 09:49:09,973 DEBUG n.a.d.j.g.l.KafkaLogger [Thread-2] Sending event to Kafka: [ {"timestamp":"2017-04-06T09:49:09.973Z","style":"DRUNKEN_BOXING","action":"PUNCH","weapon":"STAFF","target":"LEGS","strength":6.8992} ]
2017-04-06 09:49:11,925 DEBUG n.a.d.j.g.l.KafkaLogger [Thread-2] Sending event to Kafka: [ {"timestamp":"2017-04-06T09:49:11.925Z","style":"DRUNKEN_BOXING","action":"BLOCK","weapon":"CHAIR","target":"HEAD","strength":1.4922} ]
2017-04-06 09:49:13,908 DEBUG n.a.d.j.g.l.KafkaLogger [Thread-2] Sending event to Kafka: [ {"timestamp":"2017-04-06T09:49:13.907Z","style":"KUNG_FU","action":"PUNCH","weapon":"STAFF","target":"BODY","strength":4.8594} ]
2017-04-06 09:49:15,633 DEBUG n.a.d.j.g.l.KafkaLogger [Thread-2] Sending event to Kafka: [ {"timestamp":"2017-04-06T09:49:15.633Z","style":"KUNG_FU","action":"JUMP","weapon":"BROAD_SWORD","target":"LEGS","strength":2.1659} ]
2017-04-06 09:49:17,565 DEBUG n.a.d.j.g.l.KafkaLogger [Thread-2] Sending event to Kafka: [ {"timestamp":"2017-04-06T09:49:17.565Z","style":"WUSHU","action":"KICK","weapon":"BROAD_SWORD","target":"LEGS","strength":4.8261} ]
2017-04-06 09:49:19,060 DEBUG n.a.d.j.g.l.KafkaLogger [Thread-2] Sending event to Kafka: [ {"timestamp":"2017-04-06T09:49:19.060Z","style":"WUSHU","action":"BLOCK","weapon":"STAFF","target":"LEGS","strength":7.9411} ]
2017-04-06 09:49:20,958 DEBUG n.a.d.j.g.l.KafkaLogger [Thread-2] Sending event to Kafka: [ {"timestamp":"2017-04-06T09:49:20.958Z","style":"WUSHU","action":"KICK","weapon":"STAFF","target":"BODY","strength":4.7536} ]
2017-04-06 09:49:22,532 DEBUG n.a.d.j.g.l.KafkaLogger [Thread-2] Sending event to Kafka: [ {"timestamp":"2017-04-06T09:49:22.532Z","style":"DRUNKEN_BOXING","action":"PUNCH","weapon":"BROAD_SWORD","target":"ARMS","strength":4.9728} ]
2017-04-06 09:49:24,209 DEBUG n.a.d.j.g.l.KafkaLogger [Thread-2] Sending event to Kafka: [ {"timestamp":"2017-04-06T09:49:24.209Z","style":"DRUNKEN_BOXING","action":"BLOCK","weapon":"STAFF","target":"HEAD","strength":3.1937} ]
2017-04-06 09:49:26,077 DEBUG n.a.d.j.g.l.KafkaLogger [Thread-2] Sending event to Kafka: [ {"timestamp":"2017-04-06T09:49:26.077Z","style":"KUNG_FU","action":"KICK","weapon":"BROAD_SWORD","target":"HEAD","strength":1.9893} ]
2017-04-06 09:49:28,132 DEBUG n.a.d.j.g.l.KafkaLogger [Thread-2] Sending event to Kafka: [ {"timestamp":"2017-04-06T09:49:28.132Z","style":"WUSHU","action":"KICK","weapon":"STAFF","target":"HEAD","strength":1.1373} ]
2017-04-06 09:49:30,184 DEBUG n.a.d.j.g.l.KafkaLogger [Thread-2] Sending event to Kafka: [ {"timestamp":"2017-04-06T09:49:30.183Z","style":"KUNG_FU","action":"BLOCK","weapon":"CHAIR","target":"LEGS","strength":9.5597} ]
2017-04-06 09:49:32,115 DEBUG n.a.d.j.g.l.KafkaLogger [Thread-2] Sending event to Kafka: [ {"timestamp":"2017-04-06T09:49:32.114Z","style":"WUSHU","action":"PUNCH","weapon":"ROPE","target":"ARMS","strength":8.7825} ]
2017-04-06 09:49:34,394 DEBUG n.a.d.j.g.l.KafkaLogger [Thread-2] Sending event to Kafka: [ {"timestamp":"2017-04-06T09:49:34.394Z","style":"DRUNKEN_BOXING","action":"PUNCH","weapon":"BROAD_SWORD","target":"LEGS","strength":4.7613} ]
2017-04-06 09:49:34,972 INFO n.a.d.j.g.JsonDataGenerator [Thread-3] Shutdown Hook Invoked.  Shutting Down Loggers
2017-04-06 09:53:49,147 INFO n.a.d.j.g.JsonDataGenerator [main] Overriding Simulation Config file from command line to use [ jackieChanSimConfig.json ]
2017-04-06 09:53:49,148 DEBUG n.a.d.j.g.JsonDataGenerator [main] Creating Simulation Runner using Simulation Config [ jackieChanSimConfig.json ]
2017-04-06 09:53:49,255 INFO n.a.d.j.g.JsonDataGenerator [main] Adding Kafka Producer with properties: {type=kafka, broker.server=127.0.0.1, broker.port=9092, topic=jackieChanCommand, flatten=false, sync=false}
2017-04-06 09:53:49,300 INFO n.a.d.j.g.SimulationRunner [main] Adding EventGenerator for [ jackieChan,jackieChanWorkflow.json ]
2017-04-06 09:53:49,300 INFO n.a.d.j.g.SimulationRunner [main] Starting Simulation
2017-04-06 09:53:49,371 DEBUG n.a.d.j.g.t.TypeHandlerFactory [Thread-2] Discovered TypeHandler [ alpha,net.acesinc.data.json.generator.types.AlphaType ]
2017-04-06 09:53:49,371 DEBUG n.a.d.j.g.t.TypeHandlerFactory [Thread-2] Discovered TypeHandler [ boolean,net.acesinc.data.json.generator.types.BooleanType ]
2017-04-06 09:53:49,372 DEBUG n.a.d.j.g.t.TypeHandlerFactory [Thread-2] Discovered TypeHandler [ timestamp,net.acesinc.data.json.generator.types.TimestampType ]
2017-04-06 09:53:49,372 DEBUG n.a.d.j.g.t.TypeHandlerFactory [Thread-2] Discovered TypeHandler [ date,net.acesinc.data.json.generator.types.DateType ]
2017-04-06 09:53:49,372 DEBUG n.a.d.j.g.t.TypeHandlerFactory [Thread-2] Discovered TypeHandler [ random,net.acesinc.data.json.generator.types.RandomType ]
2017-04-06 09:53:49,372 DEBUG n.a.d.j.g.t.TypeHandlerFactory [Thread-2] Discovered TypeHandler [ lastName,net.acesinc.data.json.generator.types.LastName ]
2017-04-06 09:53:49,372 DEBUG n.a.d.j.g.t.TypeHandlerFactory [Thread-2] Discovered TypeHandler [ uuid,net.acesinc.data.json.generator.types.UuidType ]
2017-04-06 09:53:49,373 DEBUG n.a.d.j.g.t.TypeHandlerFactory [Thread-2] Discovered TypeHandler [ alphaNumeric,net.acesinc.data.json.generator.types.AlphaNumericType ]
2017-04-06 09:53:49,373 DEBUG n.a.d.j.g.t.TypeHandlerFactory [Thread-2] Discovered TypeHandler [ counter,net.acesinc.data.json.generator.types.CounterType ]
2017-04-06 09:53:49,373 DEBUG n.a.d.j.g.t.TypeHandlerFactory [Thread-2] Discovered TypeHandler [ double,net.acesinc.data.json.generator.types.DoubleType ]
2017-04-06 09:53:49,374 DEBUG n.a.d.j.g.t.TypeHandlerFactory [Thread-2] Discovered TypeHandler [ nowTimestamp,net.acesinc.data.json.generator.types.NowTimestampType ]
2017-04-06 09:53:49,374 DEBUG n.a.d.j.g.t.TypeHandlerFactory [Thread-2] Discovered TypeHandler [ firstName,net.acesinc.data.json.generator.types.FirstName ]
2017-04-06 09:53:49,374 DEBUG n.a.d.j.g.t.TypeHandlerFactory [Thread-2] Discovered TypeHandler [ integer,net.acesinc.data.json.generator.types.IntegerType ]
2017-04-06 09:53:49,374 DEBUG n.a.d.j.g.t.TypeHandlerFactory [Thread-2] Discovered TypeHandler [ now,net.acesinc.data.json.generator.types.NowType ]
2017-04-06 09:53:49,374 DEBUG n.a.d.j.g.t.TypeHandlerFactory [Thread-2] Discovered TypeHandler [ stringMerge,net.acesinc.data.json.generator.types.StringMergeType ]
2017-04-06 09:53:49,375 DEBUG n.a.d.j.g.t.TypeHandlerFactory [Thread-2] Discovered TypeHandler [ long,net.acesinc.data.json.generator.types.LongType ]
2017-04-06 09:53:49,396 DEBUG n.a.d.j.g.l.KafkaLogger [Thread-2] Sending event to Kafka: [ {"timestamp":"2017-04-06T09:53:49.375Z","style":"DRUNKEN_BOXING","action":"BLOCK","weapon":"ROPE","target":"LEGS","strength":4.9946} ]
2017-04-06 09:53:51,578 DEBUG n.a.d.j.g.l.KafkaLogger [Thread-2] Sending event to Kafka: [ {"timestamp":"2017-04-06T09:53:51.577Z","style":"DRUNKEN_BOXING","action":"KICK","weapon":"CHAIR","target":"ARMS","strength":4.7453} ]
2017-04-06 09:53:53,718 DEBUG n.a.d.j.g.l.KafkaLogger [Thread-2] Sending event to Kafka: [ {"timestamp":"2017-04-06T09:53:53.718Z","style":"WUSHU","action":"BLOCK","weapon":"ROPE","target":"HEAD","strength":6.1702} ]
2017-04-06 09:53:55,810 DEBUG n.a.d.j.g.l.KafkaLogger [Thread-2] Sending event to Kafka: [ {"timestamp":"2017-04-06T09:53:55.809Z","style":"DRUNKEN_BOXING","action":"JUMP","weapon":"CHAIR","target":"BODY","strength":1.9171} ]
2017-04-06 09:53:57,690 DEBUG n.a.d.j.g.l.KafkaLogger [Thread-2] Sending event to Kafka: [ {"timestamp":"2017-04-06T09:53:57.689Z","style":"DRUNKEN_BOXING","action":"JUMP","weapon":"STAFF","target":"ARMS","strength":6.7596} ]
2017-04-06 09:53:59,436 DEBUG n.a.d.j.g.l.KafkaLogger [Thread-2] Sending event to Kafka: [ {"timestamp":"2017-04-06T09:53:59.435Z","style":"DRUNKEN_BOXING","action":"BLOCK","weapon":"BROAD_SWORD","target":"LEGS","strength":3.2777} ]
2017-04-06 09:54:01,212 DEBUG n.a.d.j.g.l.KafkaLogger [Thread-2] Sending event to Kafka: [ {"timestamp":"2017-04-06T09:54:01.211Z","style":"KUNG_FU","action":"KICK","weapon":"STAFF","target":"HEAD","strength":8.3334} ]
2017-04-06 09:54:02,829 DEBUG n.a.d.j.g.l.KafkaLogger [Thread-2] Sending event to Kafka: [ {"timestamp":"2017-04-06T09:54:02.829Z","style":"KUNG_FU","action":"BLOCK","weapon":"CHAIR","target":"LEGS","strength":8.6587} ]
2017-04-06 09:54:04,480 DEBUG n.a.d.j.g.l.KafkaLogger [Thread-2] Sending event to Kafka: [ {"timestamp":"2017-04-06T09:54:04.479Z","style":"WUSHU","action":"PUNCH","weapon":"STAFF","target":"ARMS","strength":4.5575} ]
2017-04-06 09:54:06,374 DEBUG n.a.d.j.g.l.KafkaLogger [Thread-2] Sending event to Kafka: [ {"timestamp":"2017-04-06T09:54:06.374Z","style":"DRUNKEN_BOXING","action":"BLOCK","weapon":"STAFF","target":"LEGS","strength":3.3322} ]
2017-04-06 09:54:07,771 DEBUG n.a.d.j.g.l.KafkaLogger [Thread-2] Sending event to Kafka: [ {"timestamp":"2017-04-06T09:54:07.770Z","style":"DRUNKEN_BOXING","action":"JUMP","weapon":"ROPE","target":"ARMS","strength":2.9419} ]
2017-04-06 09:54:10,209 DEBUG n.a.d.j.g.l.KafkaLogger [Thread-2] Sending event to Kafka: [ {"timestamp":"2017-04-06T09:54:10.208Z","style":"DRUNKEN_BOXING","action":"BLOCK","weapon":"BROAD_SWORD","target":"ARMS","strength":2.3859} ]
2017-04-06 09:54:11,977 DEBUG n.a.d.j.g.l.KafkaLogger [Thread-2] Sending event to Kafka: [ {"timestamp":"2017-04-06T09:54:11.976Z","style":"WUSHU","action":"KICK","weapon":"CHAIR","target":"ARMS","strength":2.2025} ]
2017-04-06 09:54:13,533 DEBUG n.a.d.j.g.l.KafkaLogger [Thread-2] Sending event to Kafka: [ {"timestamp":"2017-04-06T09:54:13.532Z","style":"WUSHU","action":"KICK","weapon":"STAFF","target":"LEGS","strength":2.5406} ]
2017-04-06 09:54:15,666 DEBUG n.a.d.j.g.l.KafkaLogger [Thread-2] Sending event to Kafka: [ {"timestamp":"2017-04-06T09:54:15.666Z","style":"KUNG_FU","action":"BLOCK","weapon":"STAFF","target":"BODY","strength":6.758} ]
2017-04-06 09:54:17,593 DEBUG n.a.d.j.g.l.KafkaLogger [Thread-2] Sending event to Kafka: [ {"timestamp":"2017-04-06T09:54:17.593Z","style":"WUSHU","action":"BLOCK","weapon":"ROPE","target":"ARMS","strength":3.4996} ]
2017-04-06 09:54:19,469 DEBUG n.a.d.j.g.l.KafkaLogger [Thread-2] Sending event to Kafka: [ {"timestamp":"2017-04-06T09:54:19.468Z","style":"WUSHU","action":"PUNCH","weapon":"STAFF","target":"HEAD","strength":6.9708} ]
2017-04-06 09:54:20,941 DEBUG n.a.d.j.g.l.KafkaLogger [Thread-2] Sending event to Kafka: [ {"timestamp":"2017-04-06T09:54:20.941Z","style":"KUNG_FU","action":"BLOCK","weapon":"CHAIR","target":"BODY","strength":9.3077} ]
2017-04-06 09:54:23,186 DEBUG n.a.d.j.g.l.KafkaLogger [Thread-2] Sending event to Kafka: [ {"timestamp":"2017-04-06T09:54:23.186Z","style":"WUSHU","action":"KICK","weapon":"STAFF","target":"HEAD","strength":2.7986} ]
2017-04-06 09:54:24,849 DEBUG n.a.d.j.g.l.KafkaLogger [Thread-2] Sending event to Kafka: [ {"timestamp":"2017-04-06T09:54:24.849Z","style":"KUNG_FU","action":"PUNCH","weapon":"STAFF","target":"LEGS","strength":2.9461} ]
2017-04-06 09:54:26,877 DEBUG n.a.d.j.g.l.KafkaLogger [Thread-2] Sending event to Kafka: [ {"timestamp":"2017-04-06T09:54:26.876Z","style":"WUSHU","action":"PUNCH","weapon":"BROAD_SWORD","target":"BODY","strength":2.4534} ]
2017-04-06 09:54:28,570 DEBUG n.a.d.j.g.l.KafkaLogger [Thread-2] Sending event to Kafka: [ {"timestamp":"2017-04-06T09:54:28.570Z","style":"WUSHU","action":"BLOCK","weapon":"BROAD_SWORD","target":"HEAD","strength":8.3991} ]
2017-04-06 09:54:30,088 DEBUG n.a.d.j.g.l.KafkaLogger [Thread-2] Sending event to Kafka: [ {"timestamp":"2017-04-06T09:54:30.088Z","style":"WUSHU","action":"JUMP","weapon":"STAFF","target":"LEGS","strength":7.1534} ]
2017-04-06 09:54:32,050 DEBUG n.a.d.j.g.l.KafkaLogger [Thread-2] Sending event to Kafka: [ {"timestamp":"2017-04-06T09:54:32.050Z","style":"DRUNKEN_BOXING","action":"BLOCK","weapon":"CHAIR","target":"BODY","strength":4.5217} ]
2017-04-06 09:54:34,053 DEBUG n.a.d.j.g.l.KafkaLogger [Thread-2] Sending event to Kafka: [ {"timestamp":"2017-04-06T09:54:34.052Z","style":"KUNG_FU","action":"PUNCH","weapon":"ROPE","target":"LEGS","strength":3.9084} ]
2017-04-06 09:54:35,854 DEBUG n.a.d.j.g.l.KafkaLogger [Thread-2] Sending event to Kafka: [ {"timestamp":"2017-04-06T09:54:35.854Z","style":"KUNG_FU","action":"KICK","weapon":"BROAD_SWORD","target":"HEAD","strength":2.2772} ]
2017-04-06 09:54:37,583 DEBUG n.a.d.j.g.l.KafkaLogger [Thread-2] Sending event to Kafka: [ {"timestamp":"2017-04-06T09:54:37.582Z","style":"KUNG_FU","action":"KICK","weapon":"BROAD_SWORD","target":"HEAD","strength":2.5944} ]
2017-04-06 09:54:39,566 DEBUG n.a.d.j.g.l.KafkaLogger [Thread-2] Sending event to Kafka: [ {"timestamp":"2017-04-06T09:54:39.565Z","style":"WUSHU","action":"PUNCH","weapon":"ROPE","target":"LEGS","strength":5.7817} ]
2017-04-06 09:54:41,854 DEBUG n.a.d.j.g.l.KafkaLogger [Thread-2] Sending event to Kafka: [ {"timestamp":"2017-04-06T09:54:41.854Z","style":"WUSHU","action":"PUNCH","weapon":"ROPE","target":"LEGS","strength":9.0595} ]
2017-04-06 09:54:43,900 DEBUG n.a.d.j.g.l.KafkaLogger [Thread-2] Sending event to Kafka: [ {"timestamp":"2017-04-06T09:54:43.900Z","style":"WUSHU","action":"PUNCH","weapon":"CHAIR","target":"BODY","strength":7.2973} ]
2017-04-06 09:54:45,676 DEBUG n.a.d.j.g.l.KafkaLogger [Thread-2] Sending event to Kafka: [ {"timestamp":"2017-04-06T09:54:45.676Z","style":"WUSHU","action":"PUNCH","weapon":"BROAD_SWORD","target":"BODY","strength":1.1676} ]
2017-04-06 09:54:47,290 DEBUG n.a.d.j.g.l.KafkaLogger [Thread-2] Sending event to Kafka: [ {"timestamp":"2017-04-06T09:54:47.290Z","style":"WUSHU","action":"BLOCK","weapon":"CHAIR","target":"ARMS","strength":8.0121} ]
2017-04-06 09:54:49,490 DEBUG n.a.d.j.g.l.KafkaLogger [Thread-2] Sending event to Kafka: [ {"timestamp":"2017-04-06T09:54:49.490Z","style":"WUSHU","action":"JUMP","weapon":"STAFF","target":"LEGS","strength":7.1301} ]
2017-04-06 09:54:51,107 DEBUG n.a.d.j.g.l.KafkaLogger [Thread-2] Sending event to Kafka: [ {"timestamp":"2017-04-06T09:54:51.107Z","style":"DRUNKEN_BOXING","action":"BLOCK","weapon":"BROAD_SWORD","target":"LEGS","strength":1.4786} ]
2017-04-06 09:54:53,086 DEBUG n.a.d.j.g.l.KafkaLogger [Thread-2] Sending event to Kafka: [ {"timestamp":"2017-04-06T09:54:53.085Z","style":"KUNG_FU","action":"PUNCH","weapon":"BROAD_SWORD","target":"BODY","strength":8.1371} ]
2017-04-06 09:54:55,042 DEBUG n.a.d.j.g.l.KafkaLogger [Thread-2] Sending event to Kafka: [ {"timestamp":"2017-04-06T09:54:55.041Z","style":"WUSHU","action":"BLOCK","weapon":"CHAIR","target":"BODY","strength":9.7777} ]
2017-04-06 09:54:56,815 DEBUG n.a.d.j.g.l.KafkaLogger [Thread-2] Sending event to Kafka: [ {"timestamp":"2017-04-06T09:54:56.815Z","style":"KUNG_FU","action":"JUMP","weapon":"ROPE","target":"ARMS","strength":6.6621} ]
2017-04-06 09:54:58,618 DEBUG n.a.d.j.g.l.KafkaLogger [Thread-2] Sending event to Kafka: [ {"timestamp":"2017-04-06T09:54:58.618Z","style":"WUSHU","action":"BLOCK","weapon":"ROPE","target":"BODY","strength":9.3312} ]
2017-04-06 09:55:00,116 DEBUG n.a.d.j.g.l.KafkaLogger [Thread-2] Sending event to Kafka: [ {"timestamp":"2017-04-06T09:55:00.115Z","style":"WUSHU","action":"KICK","weapon":"ROPE","target":"HEAD","strength":8.2325} ]
2017-04-06 09:55:01,669 DEBUG n.a.d.j.g.l.KafkaLogger [Thread-2] Sending event to Kafka: [ {"timestamp":"2017-04-06T09:55:01.669Z","style":"WUSHU","action":"KICK","weapon":"BROAD_SWORD","target":"ARMS","strength":4.2799} ]
2017-04-06 09:55:02,257 INFO n.a.d.j.g.JsonDataGenerator [Thread-3] Shutdown Hook Invoked.  Shutting Down Loggers
2017-04-06 10:00:28,981 INFO n.a.d.j.g.JsonDataGenerator [main] Overriding Simulation Config file from command line to use [ jackieChanSimConfig.json ]
2017-04-06 10:00:28,984 DEBUG n.a.d.j.g.JsonDataGenerator [main] Creating Simulation Runner using Simulation Config [ jackieChanSimConfig.json ]
2017-04-06 10:00:29,087 INFO n.a.d.j.g.JsonDataGenerator [main] Adding Kafka Producer with properties: {type=kafka, broker.server=127.0.0.1, broker.port=9092, topic=jackieChanCommand, flatten=false, sync=false}
2017-04-06 10:00:29,129 INFO n.a.d.j.g.SimulationRunner [main] Adding EventGenerator for [ jackieChan,jackieChanWorkflow.json ]
2017-04-06 10:00:29,129 INFO n.a.d.j.g.SimulationRunner [main] Starting Simulation
2017-04-06 10:00:29,205 DEBUG n.a.d.j.g.t.TypeHandlerFactory [Thread-2] Discovered TypeHandler [ random,net.acesinc.data.json.generator.types.RandomType ]
2017-04-06 10:00:29,205 DEBUG n.a.d.j.g.t.TypeHandlerFactory [Thread-2] Discovered TypeHandler [ alpha,net.acesinc.data.json.generator.types.AlphaType ]
2017-04-06 10:00:29,206 DEBUG n.a.d.j.g.t.TypeHandlerFactory [Thread-2] Discovered TypeHandler [ lastName,net.acesinc.data.json.generator.types.LastName ]
2017-04-06 10:00:29,206 DEBUG n.a.d.j.g.t.TypeHandlerFactory [Thread-2] Discovered TypeHandler [ firstName,net.acesinc.data.json.generator.types.FirstName ]
2017-04-06 10:00:29,206 DEBUG n.a.d.j.g.t.TypeHandlerFactory [Thread-2] Discovered TypeHandler [ date,net.acesinc.data.json.generator.types.DateType ]
2017-04-06 10:00:29,206 DEBUG n.a.d.j.g.t.TypeHandlerFactory [Thread-2] Discovered TypeHandler [ alphaNumeric,net.acesinc.data.json.generator.types.AlphaNumericType ]
2017-04-06 10:00:29,207 DEBUG n.a.d.j.g.t.TypeHandlerFactory [Thread-2] Discovered TypeHandler [ now,net.acesinc.data.json.generator.types.NowType ]
2017-04-06 10:00:29,207 DEBUG n.a.d.j.g.t.TypeHandlerFactory [Thread-2] Discovered TypeHandler [ counter,net.acesinc.data.json.generator.types.CounterType ]
2017-04-06 10:00:29,207 DEBUG n.a.d.j.g.t.TypeHandlerFactory [Thread-2] Discovered TypeHandler [ long,net.acesinc.data.json.generator.types.LongType ]
2017-04-06 10:00:29,207 DEBUG n.a.d.j.g.t.TypeHandlerFactory [Thread-2] Discovered TypeHandler [ stringMerge,net.acesinc.data.json.generator.types.StringMergeType ]
2017-04-06 10:00:29,207 DEBUG n.a.d.j.g.t.TypeHandlerFactory [Thread-2] Discovered TypeHandler [ boolean,net.acesinc.data.json.generator.types.BooleanType ]
2017-04-06 10:00:29,208 DEBUG n.a.d.j.g.t.TypeHandlerFactory [Thread-2] Discovered TypeHandler [ integer,net.acesinc.data.json.generator.types.IntegerType ]
2017-04-06 10:00:29,208 DEBUG n.a.d.j.g.t.TypeHandlerFactory [Thread-2] Discovered TypeHandler [ uuid,net.acesinc.data.json.generator.types.UuidType ]
2017-04-06 10:00:29,208 DEBUG n.a.d.j.g.t.TypeHandlerFactory [Thread-2] Discovered TypeHandler [ timestamp,net.acesinc.data.json.generator.types.TimestampType ]
2017-04-06 10:00:29,208 DEBUG n.a.d.j.g.t.TypeHandlerFactory [Thread-2] Discovered TypeHandler [ nowTimestamp,net.acesinc.data.json.generator.types.NowTimestampType ]
2017-04-06 10:00:29,208 DEBUG n.a.d.j.g.t.TypeHandlerFactory [Thread-2] Discovered TypeHandler [ double,net.acesinc.data.json.generator.types.DoubleType ]
2017-04-06 10:00:29,226 DEBUG n.a.d.j.g.l.KafkaLogger [Thread-2] Sending event to Kafka: [ {"timestamp":"2017-04-06T10:00:29.208Z","style":"DRUNKEN_BOXING","action":"KICK","weapon":"ROPE","target":"LEGS","strength":8.0177} ]
2017-04-06 10:00:31,317 DEBUG n.a.d.j.g.l.KafkaLogger [Thread-2] Sending event to Kafka: [ {"timestamp":"2017-04-06T10:00:31.317Z","style":"KUNG_FU","action":"PUNCH","weapon":"CHAIR","target":"LEGS","strength":4.7779} ]
2017-04-06 10:00:33,565 DEBUG n.a.d.j.g.l.KafkaLogger [Thread-2] Sending event to Kafka: [ {"timestamp":"2017-04-06T10:00:33.564Z","style":"KUNG_FU","action":"KICK","weapon":"ROPE","target":"BODY","strength":8.9021} ]
2017-04-06 10:00:35,665 DEBUG n.a.d.j.g.l.KafkaLogger [Thread-2] Sending event to Kafka: [ {"timestamp":"2017-04-06T10:00:35.664Z","style":"KUNG_FU","action":"BLOCK","weapon":"BROAD_SWORD","target":"BODY","strength":3.9139} ]
2017-04-06 10:00:37,757 DEBUG n.a.d.j.g.l.KafkaLogger [Thread-2] Sending event to Kafka: [ {"timestamp":"2017-04-06T10:00:37.757Z","style":"WUSHU","action":"BLOCK","weapon":"ROPE","target":"ARMS","strength":1.295} ]
2017-04-06 10:00:39,654 DEBUG n.a.d.j.g.l.KafkaLogger [Thread-2] Sending event to Kafka: [ {"timestamp":"2017-04-06T10:00:39.654Z","style":"KUNG_FU","action":"PUNCH","weapon":"ROPE","target":"BODY","strength":8.1894} ]
2017-04-06 10:00:41,853 DEBUG n.a.d.j.g.l.KafkaLogger [Thread-2] Sending event to Kafka: [ {"timestamp":"2017-04-06T10:00:41.852Z","style":"WUSHU","action":"PUNCH","weapon":"BROAD_SWORD","target":"BODY","strength":6.9017} ]
2017-04-06 10:00:43,897 DEBUG n.a.d.j.g.l.KafkaLogger [Thread-2] Sending event to Kafka: [ {"timestamp":"2017-04-06T10:00:43.896Z","style":"KUNG_FU","action":"BLOCK","weapon":"ROPE","target":"BODY","strength":9.8328} ]
2017-04-06 10:00:45,951 DEBUG n.a.d.j.g.l.KafkaLogger [Thread-2] Sending event to Kafka: [ {"timestamp":"2017-04-06T10:00:45.950Z","style":"KUNG_FU","action":"JUMP","weapon":"BROAD_SWORD","target":"ARMS","strength":2.4978} ]
2017-04-06 10:00:48,137 DEBUG n.a.d.j.g.l.KafkaLogger [Thread-2] Sending event to Kafka: [ {"timestamp":"2017-04-06T10:00:48.136Z","style":"WUSHU","action":"BLOCK","weapon":"BROAD_SWORD","target":"HEAD","strength":2.9338} ]
2017-04-06 10:00:49,687 DEBUG n.a.d.j.g.l.KafkaLogger [Thread-2] Sending event to Kafka: [ {"timestamp":"2017-04-06T10:00:49.686Z","style":"DRUNKEN_BOXING","action":"JUMP","weapon":"BROAD_SWORD","target":"ARMS","strength":6.6026} ]
2017-04-06 10:00:51,388 DEBUG n.a.d.j.g.l.KafkaLogger [Thread-2] Sending event to Kafka: [ {"timestamp":"2017-04-06T10:00:51.387Z","style":"DRUNKEN_BOXING","action":"KICK","weapon":"STAFF","target":"LEGS","strength":5.1782} ]
2017-04-06 10:00:53,460 DEBUG n.a.d.j.g.l.KafkaLogger [Thread-2] Sending event to Kafka: [ {"timestamp":"2017-04-06T10:00:53.460Z","style":"DRUNKEN_BOXING","action":"PUNCH","weapon":"STAFF","target":"BODY","strength":2.1534} ]
2017-04-06 10:00:55,105 DEBUG n.a.d.j.g.l.KafkaLogger [Thread-2] Sending event to Kafka: [ {"timestamp":"2017-04-06T10:00:55.105Z","style":"KUNG_FU","action":"KICK","weapon":"ROPE","target":"HEAD","strength":6.6563} ]
2017-04-06 10:00:56,930 DEBUG n.a.d.j.g.l.KafkaLogger [Thread-2] Sending event to Kafka: [ {"timestamp":"2017-04-06T10:00:56.930Z","style":"WUSHU","action":"BLOCK","weapon":"STAFF","target":"LEGS","strength":5.9204} ]
2017-04-06 10:00:59,299 DEBUG n.a.d.j.g.l.KafkaLogger [Thread-2] Sending event to Kafka: [ {"timestamp":"2017-04-06T10:00:59.299Z","style":"KUNG_FU","action":"PUNCH","weapon":"ROPE","target":"BODY","strength":8.8752} ]
2017-04-06 10:01:01,121 DEBUG n.a.d.j.g.l.KafkaLogger [Thread-2] Sending event to Kafka: [ {"timestamp":"2017-04-06T10:01:01.121Z","style":"KUNG_FU","action":"BLOCK","weapon":"BROAD_SWORD","target":"HEAD","strength":9.8305} ]
2017-04-06 10:01:03,207 DEBUG n.a.d.j.g.l.KafkaLogger [Thread-2] Sending event to Kafka: [ {"timestamp":"2017-04-06T10:01:03.207Z","style":"KUNG_FU","action":"JUMP","weapon":"BROAD_SWORD","target":"LEGS","strength":8.6159} ]
2017-04-06 10:01:05,309 DEBUG n.a.d.j.g.l.KafkaLogger [Thread-2] Sending event to Kafka: [ {"timestamp":"2017-04-06T10:01:05.308Z","style":"WUSHU","action":"PUNCH","weapon":"BROAD_SWORD","target":"LEGS","strength":6.7161} ]
2017-04-06 10:01:07,373 DEBUG n.a.d.j.g.l.KafkaLogger [Thread-2] Sending event to Kafka: [ {"timestamp":"2017-04-06T10:01:07.372Z","style":"KUNG_FU","action":"PUNCH","weapon":"CHAIR","target":"LEGS","strength":5.2823} ]
2017-04-06 10:01:09,423 DEBUG n.a.d.j.g.l.KafkaLogger [Thread-2] Sending event to Kafka: [ {"timestamp":"2017-04-06T10:01:09.422Z","style":"WUSHU","action":"BLOCK","weapon":"CHAIR","target":"BODY","strength":4.2679} ]
2017-04-06 10:01:10,982 DEBUG n.a.d.j.g.l.KafkaLogger [Thread-2] Sending event to Kafka: [ {"timestamp":"2017-04-06T10:01:10.982Z","style":"WUSHU","action":"BLOCK","weapon":"ROPE","target":"ARMS","strength":7.0955} ]
2017-04-06 10:01:12,846 DEBUG n.a.d.j.g.l.KafkaLogger [Thread-2] Sending event to Kafka: [ {"timestamp":"2017-04-06T10:01:12.846Z","style":"KUNG_FU","action":"BLOCK","weapon":"STAFF","target":"ARMS","strength":8.8477} ]
2017-04-06 10:01:14,899 DEBUG n.a.d.j.g.l.KafkaLogger [Thread-2] Sending event to Kafka: [ {"timestamp":"2017-04-06T10:01:14.899Z","style":"KUNG_FU","action":"JUMP","weapon":"STAFF","target":"ARMS","strength":9.9018} ]
2017-04-06 10:01:16,872 DEBUG n.a.d.j.g.l.KafkaLogger [Thread-2] Sending event to Kafka: [ {"timestamp":"2017-04-06T10:01:16.872Z","style":"DRUNKEN_BOXING","action":"JUMP","weapon":"CHAIR","target":"ARMS","strength":8.9688} ]
2017-04-06 10:01:18,802 DEBUG n.a.d.j.g.l.KafkaLogger [Thread-2] Sending event to Kafka: [ {"timestamp":"2017-04-06T10:01:18.802Z","style":"KUNG_FU","action":"KICK","weapon":"CHAIR","target":"HEAD","strength":5.5952} ]
2017-04-06 10:01:20,654 DEBUG n.a.d.j.g.l.KafkaLogger [Thread-2] Sending event to Kafka: [ {"timestamp":"2017-04-06T10:01:20.653Z","style":"WUSHU","action":"BLOCK","weapon":"ROPE","target":"LEGS","strength":9.5221} ]
2017-04-06 10:01:22,832 DEBUG n.a.d.j.g.l.KafkaLogger [Thread-2] Sending event to Kafka: [ {"timestamp":"2017-04-06T10:01:22.832Z","style":"DRUNKEN_BOXING","action":"KICK","weapon":"STAFF","target":"ARMS","strength":9.6213} ]
2017-04-06 10:01:24,909 DEBUG n.a.d.j.g.l.KafkaLogger [Thread-2] Sending event to Kafka: [ {"timestamp":"2017-04-06T10:01:24.908Z","style":"DRUNKEN_BOXING","action":"PUNCH","weapon":"ROPE","target
...
