2017-04-05 23:52:56,021 INFO n.a.d.j.g.JsonDataGenerator [main] Overriding Simulation Config file from command line to use [ jackieChanSimConfig.json ]
2017-04-05 23:52:56,022 DEBUG n.a.d.j.g.JsonDataGenerator [main] Creating Simulation Runner using Simulation Config [ jackieChanSimConfig.json ]
2017-04-05 23:52:56,124 INFO n.a.d.j.g.JsonDataGenerator [main] Adding Kafka Producer with properties: {type=kafka, broker.server=127.0.0.1, broker.port=9092, topic=jackieChanCommand, flatten=false, sync=false}
2017-04-05 23:52:56,166 INFO n.a.d.j.g.SimulationRunner [main] Adding EventGenerator for [ jackieChan,jackieChanWorkflow.json ]
2017-04-05 23:52:56,166 INFO n.a.d.j.g.SimulationRunner [main] Starting Simulation
2017-04-05 23:52:56,254 DEBUG n.a.d.j.g.t.TypeHandlerFactory [Thread-2] Discovered TypeHandler [ alpha,net.acesinc.data.json.generator.types.AlphaType ]
2017-04-05 23:52:56,254 DEBUG n.a.d.j.g.t.TypeHandlerFactory [Thread-2] Discovered TypeHandler [ double,net.acesinc.data.json.generator.types.DoubleType ]
2017-04-05 23:52:56,254 DEBUG n.a.d.j.g.t.TypeHandlerFactory [Thread-2] Discovered TypeHandler [ random,net.acesinc.data.json.generator.types.RandomType ]
2017-04-05 23:52:56,254 DEBUG n.a.d.j.g.t.TypeHandlerFactory [Thread-2] Discovered TypeHandler [ now,net.acesinc.data.json.generator.types.NowType ]
2017-04-05 23:52:56,255 DEBUG n.a.d.j.g.t.TypeHandlerFactory [Thread-2] Discovered TypeHandler [ date,net.acesinc.data.json.generator.types.DateType ]
2017-04-05 23:52:56,255 DEBUG n.a.d.j.g.t.TypeHandlerFactory [Thread-2] Discovered TypeHandler [ integer,net.acesinc.data.json.generator.types.IntegerType ]
2017-04-05 23:52:56,255 DEBUG n.a.d.j.g.t.TypeHandlerFactory [Thread-2] Discovered TypeHandler [ alphaNumeric,net.acesinc.data.json.generator.types.AlphaNumericType ]
2017-04-05 23:52:56,256 DEBUG n.a.d.j.g.t.TypeHandlerFactory [Thread-2] Discovered TypeHandler [ uuid,net.acesinc.data.json.generator.types.UuidType ]
2017-04-05 23:52:56,256 DEBUG n.a.d.j.g.t.TypeHandlerFactory [Thread-2] Discovered TypeHandler [ firstName,net.acesinc.data.json.generator.types.FirstName ]
2017-04-05 23:52:56,256 DEBUG n.a.d.j.g.t.TypeHandlerFactory [Thread-2] Discovered TypeHandler [ timestamp,net.acesinc.data.json.generator.types.TimestampType ]
2017-04-05 23:52:56,256 DEBUG n.a.d.j.g.t.TypeHandlerFactory [Thread-2] Discovered TypeHandler [ stringMerge,net.acesinc.data.json.generator.types.StringMergeType ]
2017-04-05 23:52:56,256 DEBUG n.a.d.j.g.t.TypeHandlerFactory [Thread-2] Discovered TypeHandler [ counter,net.acesinc.data.json.generator.types.CounterType ]
2017-04-05 23:52:56,256 DEBUG n.a.d.j.g.t.TypeHandlerFactory [Thread-2] Discovered TypeHandler [ boolean,net.acesinc.data.json.generator.types.BooleanType ]
2017-04-05 23:52:56,257 DEBUG n.a.d.j.g.t.TypeHandlerFactory [Thread-2] Discovered TypeHandler [ lastName,net.acesinc.data.json.generator.types.LastName ]
2017-04-05 23:52:56,257 DEBUG n.a.d.j.g.t.TypeHandlerFactory [Thread-2] Discovered TypeHandler [ nowTimestamp,net.acesinc.data.json.generator.types.NowTimestampType ]
2017-04-05 23:52:56,257 DEBUG n.a.d.j.g.t.TypeHandlerFactory [Thread-2] Discovered TypeHandler [ long,net.acesinc.data.json.generator.types.LongType ]
2017-04-05 23:52:56,275 DEBUG n.a.d.j.g.l.KafkaLogger [Thread-2] Sending event to Kafka: [ {"timestamp":"2017-04-05T23:52:56.257Z","style":"WUSHU","action":"PUNCH","weapon":"ROPE","target":"LEGS","strength":1.2988} ]
2017-04-05 23:52:57,720 DEBUG n.a.d.j.g.l.KafkaLogger [Thread-2] Sending event to Kafka: [ {"timestamp":"2017-04-05T23:52:57.719Z","style":"DRUNKEN_BOXING","action":"PUNCH","weapon":"ROPE","target":"LEGS","strength":8.4344} ]
2017-04-05 23:52:58,858 DEBUG n.a.d.j.g.l.KafkaLogger [Thread-2] Sending event to Kafka: [ {"timestamp":"2017-04-05T23:52:58.858Z","style":"DRUNKEN_BOXING","action":"JUMP","weapon":"BROAD_SWORD","target":"BODY","strength":1.6811} ]
2017-04-05 23:53:00,235 DEBUG n.a.d.j.g.l.KafkaLogger [Thread-2] Sending event to Kafka: [ {"timestamp":"2017-04-05T23:53:00.234Z","style":"DRUNKEN_BOXING","action":"JUMP","weapon":"ROPE","target":"ARMS","strength":3.7302} ]
2017-04-05 23:53:01,833 DEBUG n.a.d.j.g.l.KafkaLogger [Thread-2] Sending event to Kafka: [ {"timestamp":"2017-04-05T23:53:01.832Z","style":"DRUNKEN_BOXING","action":"BLOCK","weapon":"CHAIR","target":"ARMS","strength":5.5645} ]
2017-04-05 23:53:03,672 DEBUG n.a.d.j.g.l.KafkaLogger [Thread-2] Sending event to Kafka: [ {"timestamp":"2017-04-05T23:53:03.671Z","style":"WUSHU","action":"JUMP","weapon":"STAFF","target":"ARMS","strength":3.1436} ]
2017-04-05 23:53:05,339 DEBUG n.a.d.j.g.l.KafkaLogger [Thread-2] Sending event to Kafka: [ {"timestamp":"2017-04-05T23:53:05.338Z","style":"KUNG_FU","action":"PUNCH","weapon":"STAFF","target":"BODY","strength":2.5683} ]
2017-04-05 23:53:07,216 DEBUG n.a.d.j.g.l.KafkaLogger [Thread-2] Sending event to Kafka: [ {"timestamp":"2017-04-05T23:53:07.215Z","style":"WUSHU","action":"JUMP","weapon":"BROAD_SWORD","target":"BODY","strength":5.1654} ]
2017-04-05 23:53:08,644 DEBUG n.a.d.j.g.l.KafkaLogger [Thread-2] Sending event to Kafka: [ {"timestamp":"2017-04-05T23:53:08.643Z","style":"WUSHU","action":"JUMP","weapon":"STAFF","target":"ARMS","strength":9.2818} ]
2017-04-05 23:53:09,726 DEBUG n.a.d.j.g.l.KafkaLogger [Thread-2] Sending event to Kafka: [ {"timestamp":"2017-04-05T23:53:09.725Z","style":"WUSHU","action":"BLOCK","weapon":"ROPE","target":"ARMS","strength":7.0471} ]
2017-04-05 23:53:11,430 DEBUG n.a.d.j.g.l.KafkaLogger [Thread-2] Sending event to Kafka: [ {"timestamp":"2017-04-05T23:53:11.430Z","style":"KUNG_FU","action":"JUMP","weapon":"CHAIR","target":"ARMS","strength":1.6301} ]
2017-04-05 23:53:12,814 DEBUG n.a.d.j.g.l.KafkaLogger [Thread-2] Sending event to Kafka: [ {"timestamp":"2017-04-05T23:53:12.813Z","style":"WUSHU","action":"KICK","weapon":"STAFF","target":"LEGS","strength":4.0577} ]
2017-04-05 23:53:14,285 DEBUG n.a.d.j.g.l.KafkaLogger [Thread-2] Sending event to Kafka: [ {"timestamp":"2017-04-05T23:53:14.284Z","style":"DRUNKEN_BOXING","action":"PUNCH","weapon":"ROPE","target":"BODY","strength":5.1531} ]
2017-04-05 23:53:15,967 DEBUG n.a.d.j.g.l.KafkaLogger [Thread-2] Sending event to Kafka: [ {"timestamp":"2017-04-05T23:53:15.966Z","style":"WUSHU","action":"BLOCK","weapon":"STAFF","target":"BODY","strength":4.1951} ]
2017-04-05 23:53:16,968 DEBUG n.a.d.j.g.l.KafkaLogger [Thread-2] Sending event to Kafka: [ {"timestamp":"2017-04-05T23:53:16.968Z","style":"DRUNKEN_BOXING","action":"JUMP","weapon":"CHAIR","target":"HEAD","strength":2.2392} ]
2017-04-05 23:53:18,191 DEBUG n.a.d.j.g.l.KafkaLogger [Thread-2] Sending event to Kafka: [ {"timestamp":"2017-04-05T23:53:18.190Z","style":"KUNG_FU","action":"PUNCH","weapon":"CHAIR","target":"LEGS","strength":9.2392} ]
2017-04-05 23:53:19,493 DEBUG n.a.d.j.g.l.KafkaLogger [Thread-2] Sending event to Kafka: [ {"timestamp":"2017-04-05T23:53:19.492Z","style":"KUNG_FU","action":"JUMP","weapon":"STAFF","target":"HEAD","strength":7.4294} ]
2017-04-05 23:53:21,268 DEBUG n.a.d.j.g.l.KafkaLogger [Thread-2] Sending event to Kafka: [ {"timestamp":"2017-04-05T23:53:21.267Z","style":"WUSHU","action":"KICK","weapon":"BROAD_SWORD","target":"LEGS","strength":9.3635} ]
2017-04-05 23:53:22,924 DEBUG n.a.d.j.g.l.KafkaLogger [Thread-2] Sending event to Kafka: [ {"timestamp":"2017-04-05T23:53:22.924Z","style":"WUSHU","action":"JUMP","weapon":"STAFF","target":"BODY","strength":6.9664} ]
2017-04-05 23:53:24,569 DEBUG n.a.d.j.g.l.KafkaLogger [Thread-2] Sending event to Kafka: [ {"timestamp":"2017-04-05T23:53:24.569Z","style":"KUNG_FU","action":"BLOCK","weapon":"BROAD_SWORD","target":"HEAD","strength":6.7984} ]
2017-04-05 23:53:25,939 DEBUG n.a.d.j.g.l.KafkaLogger [Thread-2] Sending event to Kafka: [ {"timestamp":"2017-04-05T23:53:25.938Z","style":"DRUNKEN_BOXING","action":"PUNCH","weapon":"STAFF","target":"ARMS","strength":4.6077} ]
2017-04-05 23:53:27,195 DEBUG n.a.d.j.g.l.KafkaLogger [Thread-2] Sending event to Kafka: [ {"timestamp":"2017-04-05T23:53:27.194Z","style":"KUNG_FU","action":"KICK","weapon":"STAFF","target":"HEAD","strength":5.6046} ]
2017-04-05 23:53:28,236 DEBUG n.a.d.j.g.l.KafkaLogger [Thread-2] Sending event to Kafka: [ {"timestamp":"2017-04-05T23:53:28.236Z","style":"WUSHU","action":"KICK","weapon":"STAFF","target":"HEAD","strength":5.0195} ]
2017-04-05 23:53:29,810 DEBUG n.a.d.j.g.l.KafkaLogger [Thread-2] Sending event to Kafka: [ {"timestamp":"2017-04-05T23:53:29.810Z","style":"WUSHU","action":"JUMP","weapon":"STAFF","target":"LEGS","strength":7.7311} ]
2017-04-05 23:53:31,163 DEBUG n.a.d.j.g.l.KafkaLogger [Thread-2] Sending event to Kafka: [ {"timestamp":"2017-04-05T23:53:31.162Z","style":"KUNG_FU","action":"JUMP","weapon":"ROPE","target":"HEAD","strength":7.5174} ]
2017-04-05 23:53:32,697 DEBUG n.a.d.j.g.l.KafkaLogger [Thread-2] Sending event to Kafka: [ {"timestamp":"2017-04-05T23:53:32.696Z","style":"KUNG_FU","action":"KICK","weapon":"BROAD_SWORD","target":"BODY","strength":6.6951} ]
2017-04-05 23:53:33,830 DEBUG n.a.d.j.g.l.KafkaLogger [Thread-2] Sending event to Kafka: [ {"timestamp":"2017-04-05T23:53:33.830Z","style":"WUSHU","action":"BLOCK","weapon":"BROAD_SWORD","target":"ARMS","strength":8.594} ]
2017-04-05 23:53:35,535 DEBUG n.a.d.j.g.l.KafkaLogger [Thread-2] Sending event to Kafka: [ {"timestamp":"2017-04-05T23:53:35.534Z","style":"KUNG_FU","action":"PUNCH","weapon":"BROAD_SWORD","target":"BODY","strength":1.3509} ]
2017-04-05 23:53:37,021 DEBUG n.a.d.j.g.l.KafkaLogger [Thread-2] Sending event to Kafka: [ {"timestamp":"2017-04-05T23:53:37.020Z","style":"WUSHU","action":"PUNCH","weapon":"BROAD_SWORD","target":"BODY","strength":3.1917} ]
2017-04-05 23:53:38,587 DEBUG n.a.d.j.g.l.KafkaLogger [Thread-2] Sending event to Kafka: [ {"timestamp":"2017-04-05T23:53:38.587Z","style":"KUNG_FU","action":"KICK","weapon":"CHAIR","target":"ARMS","strength":8.9649} ]
2017-04-05 23:53:40,044 DEBUG n.a.d.j.g.l.KafkaLogger [Thread-2] Sending event to Kafka: [ {"timestamp":"2017-04-05T23:53:40.044Z","style":"DRUNKEN_BOXING","action":"BLOCK","weapon":"STAFF","target":"BODY","strength":1.4982} ]
2017-04-05 23:53:41,462 DEBUG n.a.d.j.g.l.KafkaLogger [Thread-2] Sending event to Kafka: [ {"timestamp":"2017-04-05T23:53:41.461Z","style":"DRUNKEN_BOXING","action":"JUMP","weapon":"BROAD_SWORD","target":"LEGS","strength":3.7588} ]
2017-04-05 23:53:42,978 DEBUG n.a.d.j.g.l.KafkaLogger [Thread-2] Sending event to Kafka: [ {"timestamp":"2017-04-05T23:53:42.977Z","style":"WUSHU","action":"PUNCH","weapon":"CHAIR","target":"LEGS","strength":5.7041} ]
2017-04-05 23:53:44,147 DEBUG n.a.d.j.g.l.KafkaLogger [Thread-2] Sending event to Kafka: [ {"timestamp":"2017-04-05T23:53:44.147Z","style":"WUSHU","action":"JUMP","weapon":"CHAIR","target":"HEAD","strength":2.0325} ]
2017-04-05 23:53:45,154 DEBUG n.a.d.j.g.l.KafkaLogger [Thread-2] Sending event to Kafka: [ {"timestamp":"2017-04-05T23:53:45.153Z","style":"DRUNKEN_BOXING","action":"JUMP","weapon":"CHAIR","target":"LEGS","strength":5.5306} ]
2017-04-05 23:53:46,854 DEBUG n.a.d.j.g.l.KafkaLogger [Thread-2] Sending event to Kafka: [ {"timestamp":"2017-04-05T23:53:46.853Z","style":"DRUNKEN_BOXING","action":"PUNCH","weapon":"ROPE","target":"HEAD","strength":2.1648} ]
2017-04-05 23:53:48,563 DEBUG n.a.d.j.g.l.KafkaLogger [Thread-2] Sending event to Kafka: [ {"timestamp":"2017-04-05T23:53:48.562Z","style":"KUNG_FU","action":"BLOCK","weapon":"STAFF","target":"ARMS","strength":7.8435} ]
2017-04-05 23:53:50,200 DEBUG n.a.d.j.g.l.KafkaLogger [Thread-2] Sending event to Kafka: [ {"timestamp":"2017-04-05T23:53:50.200Z","style":"WUSHU","action":"BLOCK","weapon":"CHAIR","target":"ARMS","strength":9.1751} ]
2017-04-05 23:53:51,923 DEBUG n.a.d.j.g.l.KafkaLogger [Thread-2] Sending event to Kafka: [ {"timestamp":"2017-04-05T23:53:51.922Z","style":"KUNG_FU","action":"JUMP","weapon":"STAFF","target":"LEGS","strength":3.6042} ]
2017-04-05 23:53:53,079 DEBUG n.a.d.j.g.l.KafkaLogger [Thread-2] Sending event to Kafka: [ {"timestamp":"2017-04-05T23:53:53.079Z","style":"KUNG_FU","action":"PUNCH","weapon":"BROAD_SWORD","target":"ARMS","strength":3.0121} ]
2017-04-05 23:53:54,239 DEBUG n.a.d.j.g.l.KafkaLogger [Thread-2] Sending event to Kafka: [ {"timestamp":"2017-04-05T23:53:54.239Z","style":"KUNG_FU","action":"BLOCK","weapon":"CHAIR","target":"LEGS","strength":3.1008} ]
2017-04-05 23:53:55,864 DEBUG n.a.d.j.g.l.KafkaLogger [Thread-2] Sending event to Kafka: [ {"timestamp":"2017-04-05T23:53:55.864Z","style":"DRUNKEN_BOXING","action":"JUMP","weapon":"CHAIR","target":"ARMS","strength":9.4167} ]
2017-04-05 23:53:57,614 DEBUG n.a.d.j.g.l.KafkaLogger [Thread-2] Sending event to Kafka: [ {"timestamp":"2017-04-05T23:53:57.613Z","style":"KUNG_FU","action":"PUNCH","weapon":"CHAIR","target":"ARMS","strength":1.5434} ]
2017-04-05 23:53:58,847 DEBUG n.a.d.j.g.l.KafkaLogger [Thread-2] Sending event to Kafka: [ {"timestamp":"2017-04-05T23:53:58.847Z","style":"WUSHU","action":"BLOCK","weapon":"BROAD_SWORD","target":"LEGS","strength":1.6605} ]
2017-04-05 23:54:00,550 DEBUG n.a.d.j.g.l.KafkaLogger [Thread-2] Sending event to Kafka: [ {"timestamp":"2017-04-05T23:54:00.550Z","style":"WUSHU","action":"JUMP","weapon":"STAFF","target":"LEGS","strength":6.943} ]
2017-04-05 23:54:02,105 DEBUG n.a.d.j.g.l.KafkaLogger [Thread-2] Sending event to Kafka: [ {"timestamp":"2017-04-05T23:54:02.104Z","style":"DRUNKEN_BOXING","action":"BLOCK","weapon":"ROPE","target":"LEGS","strength":4.9306} ]
2017-04-05 23:54:03,748 DEBUG n.a.d.j.g.l.KafkaLogger [Thread-2] Sending event to Kafka: [ {"timestamp":"2017-04-05T23:54:03.748Z","style":"KUNG_FU","action":"PUNCH","weapon":"CHAIR","target":"LEGS","strength":1.8094} ]
2017-04-05 23:54:05,077 DEBUG n.a.d.j.g.l.KafkaLogger [Thread-2] Sending event to Kafka: [ {"timestamp":"2017-04-05T23:54:05.077Z","style":"KUNG_FU","action":"KICK","weapon":"CHAIR","target":"BODY","strength":6.8531} ]
2017-04-05 23:54:06,592 DEBUG n.a.d.j.g.l.KafkaLogger [Thread-2] Sending event to Kafka: [ {"timestamp":"2017-04-05T23:54:06.592Z","style":"WUSHU","action":"BLOCK","weapon":"STAFF","target":"LEGS","strength":5.7638} ]
2017-04-05 23:54:08,132 DEBUG n.a.d.j.g.l.KafkaLogger [Thread-2] Sending event to Kafka: [ {"timestamp":"2017-04-05T23:54:08.132Z","style":"WUSHU","action":"PUNCH","weapon":"CHAIR","target":"BODY","strength":8.0219} ]
2017-04-05 23:54:09,457 DEBUG n.a.d.j.g.l.KafkaLogger [Thread-2] Sending event to Kafka: [ {"timestamp":"2017-04-05T23:54:09.457Z","style":"WUSHU","action":"BLOCK","weapon":"ROPE","target":"LEGS","strength":1.15} ]
2017-04-05 23:54:11,154 DEBUG n.a.d.j.g.l.KafkaLogger [Thread-2] Sending event to Kafka: [ {"timestamp":"2017-04-05T23:54:11.153Z","style":"DRUNKEN_BOXING","action":"BLOCK","weapon":"STAFF","target":"HEAD","strength":5.3125} ]
2017-04-05 23:54:12,897 DEBUG n.a.d.j.g.l.KafkaLogger [Thread-2] Sending event to Kafka: [ {"timestamp":"2017-04-05T23:54:12.897Z","style":"DRUNKEN_BOXING","action":"KICK","weapon":"STAFF","target":"BODY","strength":1.2152} ]
2017-04-05 23:54:14,165 DEBUG n.a.d.j.g.l.KafkaLogger [Thread-2] Sending event to Kafka: [ {"timestamp":"2017-04-05T23:54:14.165Z","style":"KUNG_FU","action":"KICK","weapon":"CHAIR","target":"HEAD","strength":5.7795} ]
2017-04-05 23:54:15,755 DEBUG n.a.d.j.g.l.KafkaLogger [Thread-2] Sending event to Kafka: [ {"timestamp":"2017-04-05T23:54:15.755Z","style":"DRUNKEN_BOXING","action":"PUNCH","weapon":"CHAIR","target":"HEAD","strength":5.3158} ]
2017-04-05 23:54:17,120 DEBUG n.a.d.j.g.l.KafkaLogger [Thread-2] Sending event to Kafka: [ {"timestamp":"2017-04-05T23:54:17.119Z","style":"KUNG_FU","action":"PUNCH","weapon":"CHAIR","target":"LEGS","strength":2.5899} ]
2017-04-05 23:54:18,806 DEBUG n.a.d.j.g.l.KafkaLogger [Thread-2] Sending event to Kafka: [ {"timestamp":"2017-04-05T23:54:18.806Z","style":"KUNG_FU","action":"BLOCK","weapon":"BROAD_SWORD","target":"HEAD","strength":4.8496} ]
2017-04-05 23:54:20,351 DEBUG n.a.d.j.g.l.KafkaLogger [Thread-2] Sending event to Kafka: [ {"timestamp":"2017-04-05T23:54:20.351Z","style":"KUNG_FU","action":"JUMP","weapon":"CHAIR","target":"ARMS","strength":9.4713} ]
2017-04-05 23:54:21,652 DEBUG n.a.d.j.g.l.KafkaLogger [Thread-2] Sending event to Kafka: [ {"timestamp":"2017-04-05T23:54:21.648Z","style":"WUSHU","action":"BLOCK","weapon":"ROPE","target":"BODY","strength":8.5359} ]
2017-04-05 23:54:22,718 DEBUG n.a.d.j.g.l.KafkaLogger [Thread-2] Sending event to Kafka: [ {"timestamp":"2017-04-05T23:54:22.718Z","style":"WUSHU","action":"KICK","weapon":"ROPE","target":"HEAD","strength":8.7271} ]
2017-04-05 23:54:24,201 DEBUG n.a.d.j.g.l.KafkaLogger [Thread-2] Sending event to Kafka: [ {"timestamp":"2017-04-05T23:54:24.201Z","style":"DRUNKEN_BOXING","action":"PUNCH","weapon":"ROPE","target":"ARMS","strength":8.1325} ]
2017-04-05 23:54:25,784 DEBUG n.a.d.j.g.l.KafkaLogger [Thread-2] Sending event to Kafka: [ {"timestamp":"2017-04-05T23:54:25.784Z","style":"DRUNKEN_BOXING","action":"PUNCH","weapon":"BROAD_SWORD","target":"LEGS","strength":1.8898} ]
2017-04-05 23:54:27,108 DEBUG n.a.d.j.g.l.KafkaLogger [Thread-2] Sending event to Kafka: [ {"timestamp":"2017-04-05T23:54:27.108Z","style":"DRUNKEN_BOXING","action":"BLOCK","weapon":"CHAIR","target":"BODY","strength":3.4036} ]
2017-04-05 23:54:28,761 DEBUG n.a.d.j.g.l.KafkaLogger [Thread-2] Sending event to Kafka: [ {"timestamp":"2017-04-05T23:54:28.761Z","style":"KUNG_FU","action":"JUMP","weapon":"BROAD_SWORD","target":"HEAD","strength":5.3792} ]
2017-04-05 23:54:30,275 DEBUG n.a.d.j.g.l.KafkaLogger [Thread-2] Sending event to Kafka: [ {"timestamp":"2017-04-05T23:54:30.274Z","style":"KUNG_FU","action":"KICK","weapon":"BROAD_SWORD","target":"BODY","strength":2.9184} ]
2017-04-05 23:54:31,427 DEBUG n.a.d.j.g.l.KafkaLogger [Thread-2] Sending event to Kafka: [ {"timestamp":"2017-04-05T23:54:31.427Z","style":"WUSHU","action":"JUMP","weapon":"CHAIR","target":"LEGS","strength":3.1544} ]
2017-04-05 23:54:33,063 DEBUG n.a.d.j.g.l.KafkaLogger [Thread-2] Sending event to Kafka: [ {"timestamp":"2017-04-05T23:54:33.062Z","style":"DRUNKEN_BOXING","action":"PUNCH","weapon":"BROAD_SWORD","target":"HEAD","strength":8.1892} ]
2017-04-05 23:54:34,154 DEBUG n.a.d.j.g.l.KafkaLogger [Thread-2] Sending event to Kafka: [ {"timestamp":"2017-04-05T23:54:34.154Z","style":"DRUNKEN_BOXING","action":"BLOCK","weapon":"CHAIR","target":"ARMS","strength":3.7968} ]
2017-04-05 23:54:35,393 DEBUG n.a.d.j.g.l.KafkaLogger [Thread-2] Sending event to Kafka: [ {"timestamp":"2017-04-05T23:54:35.393Z","style":"KUNG_FU","action":"JUMP","weapon":"ROPE","target":"HEAD","strength":3.4302} ]
2017-04-05 23:54:36,740 DEBUG n.a.d.j.g.l.KafkaLogger [Thread-2] Sending event to Kafka: [ {"timestamp":"2017-04-05T23:54:36.740Z","style":"DRUNKEN_BOXING","action":"BLOCK","weapon":"ROPE","target":"LEGS","strength":8.9217} ]
2017-04-05 23:54:38,159 DEBUG n.a.d.j.g.l.KafkaLogger [Thread-2] Sending event to Kafka: [ {"timestamp":"2017-04-05T23:54:38.159Z","style":"KUNG_FU","action":"PUNCH","weapon":"ROPE","target":"LEGS","strength":3.3647} ]
2017-04-05 23:54:39,394 DEBUG n.a.d.j.g.l.KafkaLogger [Thread-2] Sending event to Kafka: [ {"timestamp":"2017-04-05T23:54:39.394Z","style":"WUSHU","action":"JUMP","weapon":"CHAIR","target":"ARMS","strength":1.4657} ]
2017-04-05 23:54:40,674 DEBUG n.a.d.j.g.l.KafkaLogger [Thread-2] Sending event to Kafka: [ {"timestamp":"2017-04-05T23:54:40.674Z","style":"WUSHU","action":"JUMP","weapon":"ROPE","target":"LEGS","strength":1.6262} ]
2017-04-05 23:54:41,805 DEBUG n.a.d.j.g.l.KafkaLogger [Thread-2] Sending event to Kafka: [ {"timestamp":"2017-04-05T23:54:41.804Z","style":"KUNG_FU","action":"JUMP","weapon":"BROAD_SWORD","target":"LEGS","strength":5.5657} ]
2017-04-05 23:54:43,119 DEBUG n.a.d.j.g.l.KafkaLogger [Thread-2] Sending event to Kafka: [ {"timestamp":"2017-04-05T23:54:43.119Z","style":"WUSHU","action":"BLOCK","weapon":"BROAD_SWORD","target":"ARMS","strength":7.3032} ]
2017-04-05 23:54:44,604 DEBUG n.a.d.j.g.l.KafkaLogger [Thread-2] Sending event to Kafka: [ {"timestamp":"2017-04-05T23:54:44.604Z","style":"KUNG_FU","action":"BLOCK","weapon":"BROAD_SWORD","target":"HEAD","strength":4.2647} ]
2017-04-05 23:54:46,356 DEBUG n.a.d.j.g.l.KafkaLogger [Thread-2] Sending event to Kafka: [ {"timestamp":"2017-04-05T23:54:46.355Z","style":"WUSHU","action":"PUNCH","weapon":"CHAIR","target":"BODY","strength":8.597} ]
2017-04-05 23:54:47,827 DEBUG n.a.d.j.g.l.KafkaLogger [Thread-2] Sending event to Kafka: [ {"timestamp":"2017-04-05T23:54:47.827Z","style":"DRUNKEN_BOXING","action":"PUNCH","weapon":"STAFF","target":"HEAD","strength":5.6499} ]
2017-04-05 23:54:49,594 DEBUG n.a.d.j.g.l.KafkaLogger [Thread-2] Sending event to Kafka: [ {"timestamp":"2017-04-05T23:54:49.594Z","style":"DRUNKEN_BOXING","action":"KICK","weapon":"ROPE","target":"ARMS","strength":5.6996} ]
2017-04-05 23:54:50,854 DEBUG n.a.d.j.g.l.KafkaLogger [Thread-2] Sending event to Kafka: [ {"timestamp":"2017-04-05T23:54:50.854Z","style":"KUNG_FU","action":"BLOCK","weapon":"ROPE","target":"HEAD","strength":4.7164} ]
2017-04-05 23:54:52,499 DEBUG n.a.d.j.g.l.KafkaLogger [Thread-2] Sending event to Kafka: [ {"timestamp":"2017-04-05T23:54:52.499Z","style":"KUNG_FU","action":"BLOCK","weapon":"CHAIR","target":"BODY","strength":3.2934} ]
2017-04-05 23:54:53,996 DEBUG n.a.d.j.g.l.KafkaLogger [Thread-2] Sending event to Kafka: [ {"timestamp":"2017-04-05T23:54:53.996Z","style":"KUNG_FU","action":"KICK","weapon":"BROAD_SWORD","target":"HEAD","strength":9.9337} ]
2017-04-05 23:54:55,375 DEBUG n.a.d.j.g.l.KafkaLogger [Thread-2] Sending event to Kafka: [ {"timestamp":"2017-04-05T23:54:55.375Z","style":"KUNG_FU","action":"JUMP","weapon":"STAFF","target":"LEGS","strength":6.2471} ]
2017-04-05 23:54:56,407 DEBUG n.a.d.j.g.l.KafkaLogger [Thread-2] Sending event to Kafka: [ {"timestamp":"2017-04-05T23:54:56.406Z","style":"WUSHU","action":"KICK","weapon":"STAFF","target":"LEGS","strength":2.2789} ]
2017-04-05 23:54:57,901 DEBUG n.a.d.j.g.l.KafkaLogger [Thread-2] Sending event to Kafka: [ {"timestamp":"2017-04-05T23:54:57.901Z","style":"KUNG_FU","action":"KICK","weapon":"BROAD_SWORD","target":"LEGS","strength":4.4559} ]
2017-04-05 23:54:59,281 DEBUG n.a.d.j.g.l.KafkaLogger [Thread-2] Sending event to Kafka: [ {"timestamp":"2017-04-05T23:54:59.281Z","style":"KUNG_FU","action":"KICK","weapon":"CHAIR","target":"ARMS","strength":7.2299} ]
2017-04-05 23:55:00,894 DEBUG n.a.d.j.g.l.KafkaLogger [Thread-2] Sending event to Kafka: [ {"timestamp":"2017-04-05T23:55:00.894Z","style":"KUNG_FU","action":"BLOCK","weapon":"ROPE","target":"LEGS","strength":4.5003} ]
2017-04-05 23:55:02,526 DEBUG n.a.d.j.g.l.KafkaLogger [Thread-2] Sending event to Kafka: [ {"timestamp":"2017-04-05T23:55:02.526Z","style":"KUNG_FU","action":"KICK","weapon":"BROAD_SWORD","target":"LEGS","strength":8.6537} ]
2017-04-05 23:55:03,931 DEBUG n.a.d.j.g.l.KafkaLogger [Thread-2] Sending event to Kafka: [ {"timestamp":"2017-04-05T23:55:03.930Z","style":"KUNG_FU","action":"BLOCK","weapon":"STAFF","target":"HEAD","strength":9.0877} ]
2017-04-05 23:55:05,332 DEBUG n.a.d.j.g.l.KafkaLogger [Thread-2] Sending event to Kafka: [ {"timestamp":"2017-04-05T23:55:05.332Z","style":"KUNG_FU","action":"JUMP","weapon":"ROPE","target":"LEGS","strength":3.6613} ]
2017-04-05 23:55:06,358 DEBUG n.a.d.j.g.l.KafkaLogger [Thread-2] Sending event to Kafka: [ {"timestamp":"2017-04-05T23:55:06.357Z","style":"KUNG_FU","action":"PUNCH","weapon":"STAFF","target":"ARMS","strength":8.6569} ]
2017-04-05 23:55:08,177 DEBUG n.a.d.j.g.l.KafkaLogger [Thread-2] Sending event to Kafka: [ {"timestamp":"2017-04-05T23:55:08.177Z","style":"DRUNKEN_BOXING","action":"JUMP","weapon":"CHAIR","target":"ARMS","strength":3.7703} ]
2017-04-05 23:55:09,939 DEBUG n.a.d.j.g.l.KafkaLogger [Thread-2] Sending event to Kafka: [ {"timestamp":"2017-04-05T23:55:09.938Z","style":"WUSHU","action":"KICK","weapon":"CHAIR","target":"ARMS","strength":1.1961} ]
2017-04-05 23:55:11,496 DEBUG n.a.d.j.g.l.KafkaLogger [Thread-2] Sending event to Kafka: [ {"timestamp":"2017-04-05T23:55:11.495Z","style":"KUNG_FU","action":"JUMP","weapon":"BROAD_SWORD","target":"BODY","strength":6.2538} ]
2017-04-05 23:55:13,040 DEBUG n.a.d.j.g.l.KafkaLogger [Thread-2] Sending event to Kafka: [ {"timestamp":"2017-04-05T23:55:13.040Z","style":"KUNG_FU","action":"BLOCK","weapon":"ROPE","target":"BODY","strength":4.1987} ]
2017-04-05 23:55:14,643 DEBUG n.a.d.j.g.l.KafkaLogger [Thread-2] Sending event to Kafka: [ {"timestamp":"2017-04-05T23:55:14.643Z","style":"KUNG_FU","action":"JUMP","weapon":"CHAIR","target":"BODY","strength":5.4483} ]
2017-04-05 23:55:16,073 DEBUG n.a.d.j.g.l.KafkaLogger [Thread-2] Sending event to Kafka: [ {"timestamp":"2017-04-05T23:55:16.072Z","style":"DRUNKEN_BOXING","action":"KICK","weapon":"STAFF","target":"HEAD","strength":7.8094} ]
2017-04-05 23:55:17,722 DEBUG n.a.d.j.g.l.KafkaLogger [Thread-2] Sending event to Kafka: [ {"timestamp":"2017-04-05T23:55:17.722Z","style":"DRUNKEN_BOXING","action":"PUNCH","weapon":"STAFF","target":"HEAD","strength":7.345} ]
2017-04-05 23:55:18,766 DEBUG n.a.d.j.g.l.KafkaLogger [Thread-2] Sending event to Kafka: [ {"timestamp":"2017-04-05T23:55:18.765Z","style":"DRUNKEN_BOXING","action":"PUNCH","weapon":"STAFF","target":"BODY","strength":4.9463} ]
2017-04-05 23:55:20,411 DEBUG n.a.d.j.g.l.KafkaLogger [Thread-2] Sending event to Kafka: [ {"timestamp":"2017-04-05T23:55:20.411Z","style":"KUNG_FU","action":"BLOCK","weapon":"CHAIR","target":"HEAD","strength":4.736} ]
2017-04-05 23:55:22,251 DEBUG n.a.d.j.g.l.KafkaLogger [Thread-2] Sending event to Kafka: [ {"timestamp":"2017-04-05T23:55:22.251Z","style":"KUNG_FU","action":"JUMP","weapon":"BROAD_SWORD","target":"ARMS","strength":3.4722} ]
2017-04-05 23:55:23,573 DEBUG n.a.d.j.g.l.KafkaLogger [Thread-2] Sending event to Kafka: [ {"timestamp":"2017-04-05T23:55:23.573Z","style":"DRUNKEN_BOXING","action":"KICK","weapon":"ROPE","target":"ARMS","strength":1.9891} ]
2017-04-05 23:55:25,286 DEBUG n.a.d.j.g.l.KafkaLogger [Thread-2] Sending event to Kafka: [ {"timestamp":"2017-04-05T23:55:25.286Z","style":"KUNG_FU","action":"PUNCH","weapon":"CHAIR","target":"ARMS","strength":1.1027} ]
2017-04-05 23:55:26,959 DEBUG n.a.d.j.g.l.KafkaLogger [Thread-2] Sending event to Kafka: [ {"timestamp":"2017-04-05T23:55:26.959Z","style":"KUNG_FU","action":"BLOCK","weapon":"STAFF","target":"HEAD","strength":2.5759} ]
2017-04-05 23:55:28,681 DEBUG n.a.d.j.g.l.KafkaLogger [Thread-2] Sending event to Kafka: [ {"timestamp":"2017-04-05T23:55:28.680Z","style":"DRUNKEN_BOXING","action":"JUMP","weapon":"ROPE","target":"HEAD","strength":5.5189} ]
2017-04-05 23:55:29,872 DEBUG n.a.d.j.g.l.KafkaLogger [Thread-2] Sending event to Kafka: [ {"timestamp":"2017-04-05T23:55:29.871Z","style":"DRUNKEN_BOXING","action":"JUMP","weapon":"STAFF","target":"ARMS","strength":1.3946} ]
2017-04-05 23:55:31,445 DEBUG n.a.d.j.g.l.KafkaLogger [Thread-2] Sending event to Kafka: [ {"timestamp":"2017-04-05T23:55:31.445Z","style":"DRUNKEN_BOXING","action":"JUMP","weapon":"ROPE","target":"ARMS","strength":9.288} ]
2017-04-05 23:55:33,229 DEBUG n.a.d.j.g.l.KafkaLogger [Thread-2] Sending event to Kafka: [ {"timestamp":"2017-04-05T23:55:33.229Z","style":"WUSHU","action":"JUMP","weapon":"BROAD_SWORD","target":"BODY","strength":6.7591} ]
2017-04-05 23:55:34,800 DEBUG n.a.d.j.g.l.KafkaLogger [Thread-2] Sending event to Kafka: [ {"timestamp":"2017-04-05T23:55:34.800Z","style":"KUNG_FU","action":"BLOCK","weapon":"BROAD_SWORD","target":"HEAD","strength":7.4308} ]
2017-04-05 23:55:36,441 DEBUG n.a.d.j.g.l.KafkaLogger [Thread-2] Sending event to Kafka: [ {"timestamp":"2017-04-05T23:55:36.441Z","style":"KUNG_FU","action":"JUMP","weapon":"CHAIR","target":"ARMS","strength":7.4452} ]
2017-04-05 23:55:38,061 DEBUG n.a.d.j.g.l.KafkaLogger [Thread-2] Sending event to Kafka: [ {"timestamp":"2017-04-05T23:55:38.061Z","style":"KUNG_FU","action":"BLOCK","weapon":"ROPE","target":"LEGS","strength":6.3986} ]
2017-04-05 23:55:39,681 DEBUG n.a.d.j.g.l.KafkaLogger [Thread-2] Sending event to Kafka: [ {"timestamp":"2017-04-05T23:55:39.680Z","style":"DRUNKEN_BOXING","action":"BLOCK","weapon":"BROAD_SWORD","target":"ARMS","strength":6.0956} ]
2017-04-05 23:55:41,521 DEBUG n.a.d.j.g.l.KafkaLogger [Thread-2] Sending event to Kafka: [ {"timestamp":"2017-04-05T23:55:41.521Z","style":"KUNG_FU","action":"BLOCK","weapon":"STAFF","target":"ARMS","strength":4.4924} ]
2017-04-05 23:55:43,070 DEBUG n.a.d.j.g.l.KafkaLogger [Thread-2] Sending event to Kafka: [ {"timestamp":"2017-04-05T23:55:43.070Z","style":"DRUNKEN_BOXING","action":"BLOCK","weapon":"BROAD_SWORD","target":"BODY","strength":4.5206} ]
2017-04-05 23:55:44,274 DEBUG n.a.d.j.g.l.KafkaLogger [Thread-2] Sending event to Kafka: [ {"timestamp":"2017-04-05T23:55:44.274Z","style":"WUSHU","action":"PUNCH","weapon":"BROAD_SWORD","target":"BODY","strength":7.3678} ]
2017-04-05 23:55:45,938 DEBUG n.a.d.j.g.l.KafkaLogger [Thread-2] Sending event to Kafka: [ {"timestamp":"2017-04-05T23:55:45.938Z","style":"WUSHU","action":"JUMP","weapon":"STAFF","target":"LEGS","strength":1.3479} ]
2017-04-05 23:55:47,660 DEBUG n.a.d.j.g.l.KafkaLogger [Thread-2] Sending event to Kafka: [ {"timestamp":"2017-04-05T23:55:47.659Z","style":"KUNG_FU","action":"PUNCH","weapon":"BROAD_SWORD","target":"ARMS","strength":6.781} ]
2017-04-05 23:55:49,298 DEBUG n.a.d.j.g.l.KafkaLogger [Thread-2] Sending event to Kafka: [ {"timestamp":"2017-04-05T23:55:49.298Z","style":"KUNG_FU","action":"PUNCH","weapon":"BROAD_SWORD","target":"LEGS","strength":7.1629} ]
2017-04-05 23:55:50,633 DEBUG n.a.d.j.g.l.KafkaLogger [Thread-2] Sending event to Kafka: [ {"timestamp":"2017-04-05T23:55:50.633Z","style":"WUSHU","action":"KICK","weapon":"ROPE","target":"HEAD","strength":9.544} ]
2017-04-05 23:55:52,068 DEBUG n.a.d.j.g.l.KafkaLogger [Thread-2] Sending event to Kafka: [ {"timestamp":"2017-04-05T23:55:52.067Z","style":"WUSHU","action":"BLOCK","weapon":"STAFF","target":"BODY","strength":4.7579} ]
2017-04-05 23:55:53,734 DEBUG n.a.d.j.g.l.KafkaLogger [Thread-2] Sending event to Kafka: [ {"timestamp":"2017-04-05T23:55:53.734Z","style":"DRUNKEN_BOXING","action":"KICK","weapon":"BROAD_SWORD","target":"LEGS","strength":4.2464} ]
2017-04-05 23:55:54,978 DEBUG n.a.d.j.g.l.KafkaLogger [Thread-2] Sending event to Kafka: [ {"timestamp":"2017-04-05T23:55:54.977Z","style":"WUSHU","action":"JUMP","weapon":"ROPE","target":"BODY","strength":3.6113} ]
2017-04-05 23:55:56,326 DEBUG n.a.d.j.g.l.KafkaLogger [Thread-2] Sending event to Kafka: [ {"timestamp":"2017-04-05T23:55:56.326Z","style":"WUSHU","action":"KICK","weapon":"BROAD_SWORD","target":"HEAD","strength":7.4608} ]
2017-04-05 23:55:57,824 DEBUG n.a.d.j.g.l.KafkaLogger [Thread-2] Sending event to Kafka: [ {"timestamp":"2017-04-05T23:55:57.824Z","style":"KUNG_FU","action":"KICK","weapon":"BROAD_SWORD","target":"HEAD","strength":7.9263} ]
2017-04-05 23:55:59,144 DEBUG n.a.d.j.g.l.KafkaLogger [Thread-2] Sending event to Kafka: [ {"timestamp":"2017-04-05T23:55:59.144Z","style":"DRUNKEN_BOXING","action":"JUMP","weapon":"BROAD_SWORD","target":"HEAD","strength":5.269} ]
2017-04-05 23:56:00,667 DEBUG n.a.d.j.g.l.KafkaLogger [Thread-2] Sending event to Kafka: [ {"timestamp":"2017-04-05T23:56:00.667Z","style":"DRUNKEN_BOXING","action":"BLOCK","weapon":"BROAD_SWORD","target":"ARMS","strength":2.8706} ]
2017-04-05 23:56:02,276 DEBUG n.a.d.j.g.l.KafkaLogger [Thread-2] Sending event to Kafka: [ {"timestamp":"2017-04-05T23:56:02.274Z","style":"WUSHU","action":"JUMP","weapon":"BROAD_SWORD","target":"LEGS","strength":8.227} ]
2017-04-05 23:56:03,739 DEBUG n.a.d.j.g.l.KafkaLogger [Thread-2] Sending event to Kafka: [ {"timestamp":"2017-04-05T23:56:03.739Z","style":"WUSHU","action":"BLOCK","weapon":"BROAD_SWORD","target":"LEGS","strength":9.3987} ]
2017-04-05 23:56:04,988 DEBUG n.a.d.j.g.l.KafkaLogger [Thread-2] Sending event to Kafka: [ {"timestamp":"2017-04-05T23:56:04.987Z","style":"WUSHU","action":"JUMP","weapon":"CHAIR","target":"ARMS","strength":9.6172} ]
2017-04-05 23:56:06,114 DEBUG n.a.d.j.g.l.KafkaLogger [Thread-2] Sending event to Kafka: [ {"timestamp":"2017-04-05T23:56:06.113Z","style":"WUSHU","action":"JUMP","weapon":"BROAD_SWORD","target":"HEAD","strength":3.7673} ]
2017-04-05 23:56:07,420 DEBUG n.a.d.j.g.l.KafkaLogger [Thread-2] Sending event to Kafka: [ {"timestamp":"2017-04-05T23:56:07.419Z","style":"DRUNKEN_BOXING","action":"JUMP","weapon":"CHAIR","target":"BODY","strength":2.6303} ]
2017-04-05 23:56:08,541 DEBUG n.a.d.j.g.l.KafkaLogger [Thread-2] Sending event to Kafka: [ {"timestamp":"2017-04-05T23:56:08.541Z","style":"KUNG_FU","action":"JUMP","weapon":"BROAD_SWORD","target":"ARMS","strength":9.5578} ]
2017-04-05 23:56:09,690 DEBUG n.a.d.j.g.l.KafkaLogger [Thread-2] Sending event to Kafka: [ {"timestamp":"2017-04-05T23:56:09.690Z","style":"KUNG_FU","action":"PUNCH","weapon":"CHAIR","target":"BODY","strength":8.1727} ]
2017-04-05 23:56:10,964 DEBUG n.a.d.j.g.l.KafkaLogger [Thread-2] Sending event to Kafka: [ {"timestamp":"2017-04-05T23:56:10.963Z","style":"KUNG_FU","action":"KICK","weapon":"CHAIR","target":"HEAD","strength":7.4023} ]
2017-04-05 23:56:12,506 DEBUG n.a.d.j.g.l.KafkaLogger [Thread-2] Sending event to Kafka: [ {"timestamp":"2017-04-05T23:56:12.506Z","style":"WUSHU","action":"BLOCK","weapon":"ROPE","target":"HEAD","strength":8.319} ]
2017-04-05 23:56:13,988 DEBUG n.a.d.j.g.l.KafkaLogger [Thread-2] Sending event to Kafka: [ {"timestamp":"2017-04-05T23:56:13.988Z","style":"KUNG_FU","action":"PUNCH","weapon":"ROPE","target":"ARMS","strength":6.325} ]
2017-04-05 23:56:15,480 DEBUG n.a.d.j.g.l.KafkaLogger [Thread-2] Sending event to Kafka: [ {"timestamp":"2017-04-05T23:56:15.480Z","style":"WUSHU","action":"KICK","weapon":"CHAIR","target":"ARMS","strength":6.1353} ]
2017-04-05 23:56:16,883 DEBUG n.a.d.j.g.l.KafkaLogger [Thread-2] Sending event to Kafka: [ {"timestamp":"2017-04-05T23:56:16.883Z","style":"KUNG_FU","action":"PUNCH","weapon":"STAFF","target":"LEGS","strength":1.5132} ]
2017-04-05 23:56:17,913 DEBUG n.a.d.j.g.l.KafkaLogger [Thread-2] Sending event to Kafka: [ {"timestamp":"2017-04-05T23:56:17.913Z","style":"KUNG_FU","action":"JUMP","weapon":"BROAD_SWORD","target":"BODY","strength":5.1023} ]
2017-04-05 23:56:19,407 DEBUG n.a.d.j.g.l.KafkaLogger [Thread-2] Sending event to Kafka: [ {"timestamp":"2017-04-05T23:56:19.407Z","style":"KUNG_FU","action":"JUMP","weapon":"STAFF","target":"LEGS","strength":1.7337} ]
2017-04-05 23:56:21,023 DEBUG n.a.d.j.g.l.KafkaLogger [Thread-2] Sending event to Kafka: [ {"timestamp":"2017-04-05T23:56:21.022Z","style":"DRUNKEN_BOXING","action":"JUMP","weapon":"CHAIR","target":"LEGS","strength":3.678} ]
2017-04-05 23:56:22,763 DEBUG n.a.d.j.g.l.KafkaLogger [Thread-2] Sending event to Kafka: [ {"timestamp":"2017-04-05T23:56:22.763Z","style":"KUNG_FU","action":"KICK","weapon":"ROPE","target":"BODY","strength":2.5211} ]
2017-04-05 23:56:24,166 DEBUG n.a.d.j.g.l.KafkaLogger [Thread-2] Sending event to Kafka: [ {"timestamp":"2017-04-05T23:56:24.166Z","style":"KUNG_FU","action":"JUMP","weapon":"ROPE","target":"HEAD","strength":7.4944} ]
2017-04-05 23:56:25,329 DEBUG n.a.d.j.g.l.KafkaLogger [Thread-2] Sending event to Kafka: [ {"timestamp":"2017-04-05T23:56:25.329Z","style":"DRUNKEN_BOXING","action":"JUMP","weapon":"BROAD_SWORD","target":"BODY","strength":9.6526} ]
2017-04-05 23:56:27,034 DEBUG n.a.d.j.g.l.KafkaLogger [Thread-2] Sending event to Kafka: [ {"timestamp":"2017-04-05T23:56:27.033Z","style":"KUNG_FU","action":"JUMP","weapon":"BROAD_SWORD","target":"ARMS","strength":9.1822} ]
2017-04-05 23:56:28,297 DEBUG n.a.d.j.g.l.KafkaLogger [Thread-2] Sending event to Kafka: [ {"timestamp":"2017-04-05T23:56:28.297Z","style":"WUSHU","action":"KICK","weapon":"BROAD_SWORD","target":"LEGS","strength":1.4577} ]
2017-04-05 23:56:29,516 DEBUG n.a.d.j.g.l.KafkaLogger [Thread-2] Sending event to Kafka: [ {"timestamp":"2017-04-05T23:56:29.515Z","style":"DRUNKEN_BOXING","action":"BLOCK","weapon":"BROAD_SWORD","target":"LEGS","strength":1.1133} ]
2017-04-05 23:56:30,933 DEBUG n.a.d.j.g.l.KafkaLogger [Thread-2] Sending event to Kafka: [ {"timestamp":"2017-04-05T23:56:30.933Z","style":"DRUNKEN_BOXING","action":"JUMP","weapon":"STAFF","target":"BODY","strength":2.8101} ]
2017-04-05 23:56:32,740 DEBUG n.a.d.j.g.l.KafkaLogger [Thread-2] Sending event to Kafka: [ {"timestamp":"2017-04-05T23:56:32.739Z","style":"KUNG_FU","action":"JUMP","weapon":"BROAD_SWORD","target":"BODY","strength":1.2502} ]
2017-04-05 23:56:34,541 DEBUG n.a.d.j.g.l.KafkaLogger [Thread-2] Sending event to Kafka: [ {"timestamp":"2017-04-05T23:56:34.541Z","style":"WUSHU","action":"PUNCH","weapon":"ROPE","target":"LEGS","strength":4.5439} ]
2017-04-05 23:56:36,108 DEBUG n.a.d.j.g.l.KafkaLogger [Thread-2] Sending event to Kafka: [ {"timestamp":"2017-04-05T23:56:36.108Z","style":"DRUNKEN_BOXING","action":"PUNCH","weapon":"BROAD_SWORD","target":"BODY","strength":5.4455} ]
2017-04-05 23:56:37,422 DEBUG n.a.d.j.g.l.KafkaLogger [Thread-2] Sending event to Kafka: [ {"timestamp":"2017-04-05T23:56:37.422Z","style":"KUNG_FU","action":"KICK","weapon":"CHAIR","target":"LEGS","strength":3.799} ]
2017-04-05 23:56:38,705 DEBUG n.a.d.j.g.l.KafkaLogger [Thread-2] Sending event to Kafka: [ {"timestamp":"2017-04-05T23:56:38.705Z","style":"DRUNKEN_BOXING","action":"KICK","weapon":"STAFF","target":"ARMS","strength":7.6676} ]
2017-04-05 23:56:40,011 DEBUG n.a.d.j.g.l.KafkaLogger [Thread-2] Sending event to Kafka: [ {"timestamp":"2017-04-05T23:56:40.011Z","style":"KUNG_FU","action":"BLOCK","weapon":"BROAD_SWORD","target":"LEGS","strength":9.9186} ]
2017-04-05 23:56:41,118 DEBUG n.a.d.j.g.l.KafkaLogger [Thread-2] Sending event to Kafka: [ {"timestamp":"2017-04-05T23:56:41.117Z","style":"DRUNKEN_BOXING","action":"PUNCH","weapon":"CHAIR","target":"BODY","strength":9.7851} ]
2017-04-05 23:56:42,343 DEBUG n.a.d.j.g.l.KafkaLogger [Thread-2] Sending event to Kafka: [ {"timestamp":"2017-04-05T23:56:42.343Z","style":"DRUNKEN_BOXING","action":"JUMP","weapon":"BROAD_SWORD","target":"LEGS","strength":2.9228} ]
2017-04-05 23:56:43,917 DEBUG n.a.d.j.g.l.KafkaLogger [Thread-2] Sending event to Kafka: [ {"timestamp":"2017-04-05T23:56:43.916Z","style":"DRUNKEN_BOXING","action":"BLOCK","weapon":"ROPE","target":"LEGS","strength":7.3647} ]
2017-04-05 23:56:45,294 DEBUG n.a.d.j.g.l.KafkaLogger [Thread-2] Sending event to Kafka: [ {"timestamp":"2017-04-05T23:56:45.294Z","style":"KUNG_FU","action":"KICK","weapon":"BROAD_SWORD","target":"LEGS","strength":5.911} ]
2017-04-05 23:56:46,718 DEBUG n.a.d.j.g.l.KafkaLogger [Thread-2] Sending event to Kafka: [ {"timestamp":"2017-04-05T23:56:46.718Z","style":"WUSHU","action":"BLOCK","weapon":"STAFF","target":"HEAD","strength":4.8668} ]
2017-04-05 23:56:48,265 DEBUG n.a.d.j.g.l.KafkaLogger [Thread-2] Sending event to Kafka: [ {"timestamp":"2017-04-05T23:56:48.265Z","style":"WUSHU","action":"BLOCK","weapon":"CHAIR","target":"LEGS","strength":1.5915} ]
2017-04-05 23:56:49,933 DEBUG n.a.d.j.g.l.KafkaLogger [Thread-2] Sending event to Kafka: [ {"timestamp":"2017-04-05T23:56:49.933Z","style":"WUSHU","action":"PUNCH","weapon":"STAFF","target":"BODY","strength":3.2164} ]
2017-04-05 23:56:51,238 DEBUG n.a.d.j.g.l.KafkaLogger [Thread-2] Sending event to Kafka: [ {"timestamp":"2017-04-05T23:56:51.237Z","style":"KUNG_FU","action":"JUMP","weapon":"ROPE","target":"BODY","strength":4.2853} ]
2017-04-05 23:56:52,347 DEBUG n.a.d.j.g.l.KafkaLogger [Thread-2] Sending event to Kafka: [ {"timestamp":"2017-04-05T23:56:52.347Z","style":"KUNG_FU","action":"PUNCH","weapon":"STAFF","target":"ARMS","strength":8.8253} ]
2017-04-05 23:56:54,047 DEBUG n.a.d.j.g.l.KafkaLogger [Thread-2] Sending event to Kafka: [ {"timestamp":"2017-04-05T23:56:54.047Z","style":"DRUNKEN_BOXING","action":"JUMP","weapon":"BROAD_SWORD","target":"BODY","strength":1.4641} ]
2017-04-05 23:56:55,305 DEBUG n.a.d.j.g.l.KafkaLogger [Thread-2] Sending event to Kafka: [ {"timestamp":"2017-04-05T23:56:55.304Z","style":"KUNG_FU","action":"JUMP","weapon":"STAFF","target":"HEAD","strength":1.2091} ]
2017-04-05 23:56:56,939 DEBUG n.a.d.j.g.l.KafkaLogger [Thread-2] Sending event to Kafka: [ {"timestamp":"2017-04-05T23:56:56.938Z","style":"WUSHU","action":"BLOCK","weapon":"CHAIR","target":"ARMS","strength":4.0954} ]
2017-04-05 23:56:58,373 DEBUG n.a.d.j.g.l.KafkaLogger [Thread-2] Sending event to Kafka: [ {"timestamp":"2017-04-05T23:56:58.373Z","style":"DRUNKEN_BOXING","action":"KICK","weapon":"CHAIR","target":"HEAD","strength":5.6344} ]
2017-04-05 23:57:00,010 DEBUG n.a.d.j.g.l.KafkaLogger [Thread-2] Sending event to Kafka: [ {"timestamp":"2017-04-05T23:57:00.010Z","style":"DRUNKEN_BOXING","action":"PUNCH","weapon":"CHAIR","target":"HEAD","strength":4.6961} ]
2017-04-05 23:57:01,104 DEBUG n.a.d.j.g.l.KafkaLogger [Thread-2] Sending event to Kafka: [ {"timestamp":"2017-04-05T23:57:01.104Z","style":"DRUNKEN_BOXING","action":"JUMP","weapon":"CHAIR","target":"HEAD","strength":6.1027} ]
2017-04-05 23:57:02,701 DEBUG n.a.d.j.g.l.KafkaLogger [Thread-2] Sending event to Kafka: [ {"timestamp":"2017-04-05T23:57:02.701Z","style":"KUNG_FU","action":"KICK","weapon":"ROPE","target":"LEGS","strength":5.1362} ]
2017-04-05 23:57:04,445 DEBUG n.a.d.j.g.l.KafkaLogger [Thread-2] Sending event to Kafka: [ {"timestamp":"2017-04-05T23:57:04.444Z","style":"WUSHU","action":"PUNCH","weapon":"BROAD_SWORD","target":"LEGS","strength":5.1054} ]
2017-04-05 23:57:05,682 DEBUG n.a.d.j.g.l.KafkaLogger [Thread-2] Sending event to Kafka: [ {"timestamp":"2017-04-05T23:57:05.681Z","style":"DRUNKEN_BOXING","action":"BLOCK","weapon":"BROAD_SWORD","target":"HEAD","strength":6.4533} ]
2017-04-05 23:57:07,347 DEBUG n.a.d.j.g.l.KafkaLogger [Thread-2] Sending event to Kafka: [ {"timestamp":"2017-04-05T23:57:07.347Z","style":"DRUNKEN_BOXING","action":"JUMP","weapon":"ROPE","target":"LEGS","strength":2.2215} ]
2017-04-05 23:57:09,061 DEBUG n.a.d.j.g.l.KafkaLogger [Thread-2] Sending event to Kafka: [ {"timestamp":"2017-04-05T23:57:09.061Z","style":"DRUNKEN_BOXING","action":"JUMP","weapon":"ROPE","target":"ARMS","strength":7.4961} ]
2017-04-05 23:57:10,274 DEBUG n.a.d.j.g.l.KafkaLogger [Thread-2] Sending event to Kafka: [ {"timestamp":"2017-04-05T23:57:10.274Z","style":"DRUNKEN_BOXING","action":"BLOCK","weapon":"STAFF","target":"LEGS","strength":5.858} ]
2017-04-05 23:57:11,757 DEBUG n.a.d.j.g.l.KafkaLogger [Thread-2] Sending event to Kafka: [ {"timestamp":"2017-04-05T23:57:11.757Z","style":"WUSHU","action":"BLOCK","weapon":"BROAD_SWORD","target":"ARMS","strength":6.3244} ]
2017-04-05 23:57:13,323 DEBUG n.a.d.j.g.l.KafkaLogger [Thread-2] Sending event to Kafka: [ {"timestamp":"2017-04-05T23:57:13.323Z","style":"WUSHU","action":"BLOCK","weapon":"BROAD_SWORD","target":"HEAD","strength":4.4189} ]
2017-04-05 23:57:14,600 DEBUG n.a.d.j.g.l.KafkaLogger [Thread-2] Sending event to Kafka: [ {"timestamp":"2017-04-05T23:57:14.600Z","style":"WUSHU","action":"KICK","weapon":"STAFF","target":"HEAD","strength":2.3816} ]
2017-04-05 23:57:15,841 DEBUG n.a.d.j.g.l.KafkaLogger [Thread-2] Sending event to Kafka: [ {"timestamp":"2017-04-05T23:57:15.841Z","style":"WUSHU","action":"JUMP","weapon":"BROAD_SWORD","target":"BODY","strength":8.4166} ]
2017-04-05 23:57:17,741 DEBUG n.a.d.j.g.l.KafkaLogger [Thread-2] Sending event to Kafka: [ {"timestamp":"2017-04-05T23:57:17.740Z","style":"WUSHU","action":"PUNCH","weapon":"BROAD_SWORD","target":"HEAD","strength":6.3822} ]
2017-04-05 23:57:19,489 DEBUG n.a.d.j.g.l.KafkaLogger [Thread-2] Sending event to Kafka: [ {"timestamp":"2017-04-05T23:57:19.488Z","style":"DRUNKEN_BOXING","action":"KICK","weapon":"CHAIR","target":"ARMS","strength":8.5758} ]
2017-04-05 23:57:20,773 DEBUG n.a.d.j.g.l.KafkaLogger [Thread-2] Sending event to Kafka: [ {"timestamp":"2017-04-05T23:57:20.773Z","style":"WUSHU","action":"JUMP","weapon":"ROPE","target":"HEAD","strength":9.2104} ]
2017-04-05 23:57:22,349 DEBUG n.a.d.j.g.l.KafkaLogger [Thread-2] Sending event to Kafka: [ {"timestamp":"2017-04-05T23:57:22.349Z","style":"KUNG_FU","action":"JUMP","weapon":"CHAIR","target":"HEAD","strength":7.7286} ]
2017-04-05 23:57:23,792 DEBUG n.a.d.j.g.l.KafkaLogger [Thread-2] Sending event to Kafka: [ {"timestamp":"2017-04-05T23:57:23.792Z","style":"KUNG_FU","action":"JUMP","weapon":"ROPE","target":"LEGS","strength":7.4258} ]
2017-04-05 23:57:25,207 DEBUG n.a.d.j.g.l.KafkaLogger [Thread-2] Sending event to Kafka: [ {"timestamp":"2017-04-05T23:57:25.207Z","style":"DRUNKEN_BOXING","action":"PUNCH","weapon":"BROAD_SWORD","target":"BODY","strength":6.2201} ]
2017-04-05 23:57:26,926 DEBUG n.a.d.j.g.l.KafkaLogger [Thread-2] Sending event to Kafka: [ {"timestamp":"2017-04-05T23:57:26.926Z","style":"DRUNKEN_BOXING","action":"KICK","weapon":"ROPE","target":"ARMS","strength":1.9516} ]
2017-04-05 23:57:28,029 DEBUG n.a.d.j.g.l.KafkaLogger [Thread-2] Sending event to Kafka: [ {"timestamp":"2017-04-05T23:57:28.029Z","style":"WUSHU","action":"BLOCK","weapon":"ROPE","target":"HEAD","strength":1.9551} ]
2017-04-05 23:57:29,539 DEBUG n.a.d.j.g.l.KafkaLogger [Thread-2] Sending event to Kafka: [ {"timestamp":"2017-04-05T23:57:29.538Z","style":"WUSHU","action":"BLOCK","weapon":"STAFF","target":"ARMS","strength":8.3678} ]
2017-04-05 23:57:30,727 DEBUG n.a.d.j.g.l.KafkaLogger [Thread-2] Sending event to Kafka: [ {"timestamp":"2017-04-05T23:57:30.726Z","style":"WUSHU","action":"PUNCH","weapon":"STAFF","target":"LEGS","strength":1.9807} ]
2017-04-05 23:57:32,403 DEBUG n.a.d.j.g.l.KafkaLogger [Thread-2] Sending event to Kafka: [ {"timestamp":"2017-04-05T23:57:32.403Z","style":"DRUNKEN_BOXING","action":"PUNCH","weapon":"ROPE","target":"ARMS","strength":2.8292} ]
2017-04-05 23:57:33,669 DEBUG n.a.d.j.g.l.KafkaLogger [Thread-2] Sending event to Kafka: [ {"timestamp":"2017-04-05T23:57:33.669Z","style":"KUNG_FU","action":"KICK","weapon":"BROAD_SWORD","target":"ARMS","strength":1.3408} ]
2017-04-05 23:57:35,128 DEBUG n.a.d.j.g.l.KafkaLogger [Thread-2] Sending event to Kafka: [ {"timestamp":"2017-04-05T23:57:35.127Z","style":"KUNG_FU","action":"KICK","weapon":"BROAD_SWORD","target":"HEAD","strength":1.8219} ]
2017-04-05 23:57:36,261 DEBUG n.a.d.j.g.l.KafkaLogger [Thread-2] Sending event to Kafka: [ {"timestamp":"2017-04-05T23:57:36.261Z","style":"WUSHU","action":"JUMP","weapon":"STAFF","target":"BODY","strength":4.6293} ]
2017-04-05 23:57:38,101 DEBUG n.a.d.j.g.l.KafkaLogger [Thread-2] Sending event to Kafka: [ {"timestamp":"2017-04-05T23:57:38.101Z","style":"DRUNKEN_BOXING","action":"BLOCK","weapon":"BROAD_SWORD","target":"LEGS","strength":2.7977} ]
2017-04-05 23:57:39,878 DEBUG n.a.d.j.g.l.KafkaLogger [Thread-2] Sending event to Kafka: [ {"timestamp":"2017-04-05T23:57:39.878Z","style":"DRUNKEN_BOXING","action":"BLOCK","weapon":"BROAD_SWORD","target":"LEGS","strength":5.3361} ]
2017-04-05 23:57:41,277 DEBUG n.a.d.j.g.l.KafkaLogger [Thread-2] Sending event to Kafka: [ {"timestamp":"2017-04-05T23:57:41.277Z","style":"DRUNKEN_BOXING","action":"KICK","weapon":"ROPE","target":"HEAD","strength":4.6952} ]
2017-04-05 23:57:42,255 DEBUG n.a.d.j.g.l.KafkaLogger [Thread-2] Sending event to Kafka: [ {"timestamp":"2017-04-05T23:57:42.255Z","style":"WUSHU","action":"PUNCH","weapon":"CHAIR","target":"LEGS","strength":9.402} ]
2017-04-05 23:57:43,244 DEBUG n.a.d.j.g.l.KafkaLogger [Thread-2] Sending event to Kafka: [ {"timestamp":"2017-04-05T23:57:43.244Z","style":"KUNG_FU","action":"KICK","weapon":"CHAIR","target":"HEAD","strength":8.6505} ]
2017-04-05 23:57:45,041 DEBUG n.a.d.j.g.l.KafkaLogger [Thread-2] Sending event to Kafka: [ {"timestamp":"2017-04-05T23:57:45.041Z","style":"KUNG_FU","action":"BLOCK","weapon":"BROAD_SWORD","target":"LEGS","strength":9.9122} ]
2017-04-05 23:57:46,276 DEBUG n.a.d.j.g.l.KafkaLogger [Thread-2] Sending event to Kafka: [ {"timestamp":"2017-04-05T23:57:46.276Z","style":"DRUNKEN_BOXING","action":"PUNCH","weapon":"CHAIR","target":"ARMS","strength":4.99} ]
2017-04-05 23:57:47,494 DEBUG n.a.d.j.g.l.KafkaLogger [Thread-2] Sending event to Kafka: [ {"timestamp":"2017-04-05T23:57:47.493Z","style":"KUNG_FU","action":"KICK","weapon":"STAFF","target":"ARMS","strength":6.1441} ]
2017-04-05 23:57:49,292 DEBUG n.a.d.j.g.l.KafkaLogger [Thread-2] Sending event to Kafka: [ {"timestamp":"2017-04-05T23:57:49.292Z","style":"WUSHU","action":"KICK","weapon":"ROPE","target":"BODY","strength":4.2283} ]
2017-04-05 23:57:50,511 DEBUG n.a.d.j.g.l.KafkaLogger [Thread-2] Sending event to Kafka: [ {"timestamp":"2017-04-05T23:57:50.511Z","style":"DRUNKEN_BOXING","action":"BLOCK","weapon":"BROAD_SWORD","target":"LEGS","strength":4.189} ]
2017-04-05 23:57:52,012 DEBUG n.a.d.j.g.l.KafkaLogger [Thread-2] Sending event to Kafka: [ {"timestamp":"2017-04-05T23:57:52.012Z","style":"DRUNKEN_BOXING","action":"BLOCK","weapon":"CHAIR","target":"LEGS","strength":2.0814} ]
2017-04-05 23:57:53,431 DEBUG n.a.d.j.g.l.KafkaLogger [Thread-2] Sending event to Kafka: [ {"timestamp":"2017-04-05T23:57:53.430Z","style":"WUSHU","action":"PUNCH","weapon":"STAFF","target":"LEGS","strength":7.5749} ]
2017-04-05 23:57:54,490 DEBUG n.a.d.j.g.l.KafkaLogger [Thread-2] Sending event to Kafka: [ {"timestamp":"2017-04-05T23:57:54.490Z","style":"WUSHU","action":"KICK","weapon":"CHAIR","target":"HEAD","strength":8.9546} ]
2017-04-05 23:57:56,149 DEBUG n.a.d.j.g.l.KafkaLogger [Thread-2] Sending event to Kafka: [ {"timestamp":"2017-04-05T23:57:56.148Z","style":"KUNG_FU","action":"JUMP","weapon":"CHAIR","target":"BODY","strength":3.0786} ]
2017-04-05 23:57:57,487 DEBUG n.a.d.j.g.l.KafkaLogger [Thread-2] Sending event to Kafka: [ {"timestamp":"2017-04-05T23:57:57.487Z","style":"DRUNKEN_BOXING","action":"PUNCH","weapon":"STAFF","target":"BODY","strength":5.453} ]
2017-04-05 23:57:58,651 DEBUG n.a.d.j.g.l.KafkaLogger [Thread-2] Sending event to Kafka: [ {"timestamp":"2017-04-05T23:57:58.651Z","style":"WUSHU","action":"BLOCK","weapon":"STAFF","target":"ARMS","strength":3.6315} ]
2017-04-05 23:57:59,710 DEBUG n.a.d.j.g.l.KafkaLogger [Thread-2] Sending event to Kafka: [ {"timestamp":"2017-04-05T23:57:59.710Z","style":"WUSHU","action":"JUMP","weapon":"ROPE","target":"BODY","strength":1.8483} ]
2017-04-05 23:58:01,041 DEBUG n.a.d.j.g.l.KafkaLogger [Thread-2] Sending event to Kafka: [ {"timestamp":"2017-04-05T23:58:01.040Z","style":"DRUNKEN_BOXING","action":"KICK","weapon":"STAFF","target":"ARMS","strength":8.6333} ]
2017-04-05 23:58:02,482 DEBUG n.a.d.j.g.l.KafkaLogger [Thread-2] Sending event to Kafka: [ {"timestamp":"2017-04-05T23:58:02.481Z","style":"KUNG_FU","action":"KICK","weapon":"BROAD_SWORD","target":"HEAD","strength":7.2429} ]
2017-04-05 23:58:03,769 DEBUG n.a.d.j.g.l.KafkaLogger [Thread-2] Sending event to Kafka: [ {"timestamp":"2017-04-05T23:58:03.769Z","style":"KUNG_FU","action":"JUMP","weapon":"BROAD_SWORD","target":"ARMS","strength":7.4165} ]
2017-04-05 23:58:05,201 DEBUG n.a.d.j.g.l.KafkaLogger [Thread-2] Sending event to Kafka: [ {"timestamp":"2017-04-05T23:58:05.201Z","style":"DRUNKEN_BOXING","action":"PUNCH","weapon":"BROAD_SWORD","target":"BODY","strength":8.2365} ]
2017-04-05 23:58:06,524 DEBUG n.a.d.j.g.l.KafkaLogger [Thread-2] Sending event to Kafka: [ {"timestamp":"2017-04-05T23:58:06.524Z","style":"KUNG_FU","action":"PUNCH","weapon":"ROPE","target":"HEAD","strength":9.1888} ]
2017-04-05 23:58:07,915 DEBUG n.a.d.j.g.l.KafkaLogger [Thread-2] Sending event to Kafka: [ {"timestamp":"2017-04-05T23:58:07.915Z","style":"KUNG_FU","action":"PUNCH","weapon":"BROAD_SWORD","target":"BODY","strength":7.9829} ]
2017-04-05 23:58:09,492 DEBUG n.a.d.j.g.l.KafkaLogger [Thread-2] Sending event to Kafka: [ {"timestamp":"2017-04-05T23:58:09.491Z","style":"WUSHU","action":"BLOCK","weapon":"BROAD_SWORD","target":"BODY","strength":2.7502} ]
2017-04-05 23:58:10,860 DEBUG n.a.d.j.g.l.KafkaLogger [Thread-2] Sending event to Kafka: [ {"timestamp":"2017-04-05T23:58:10.860Z","style":"DRUNKEN_BOXING","action":"BLOCK","weapon":"CHAIR","target":"LEGS","strength":4.6205} ]
2017-04-05 23:58:12,477 DEBUG n.a.d.j.g.l.KafkaLogger [Thread-2] Sending event to Kafka: [ {"timestamp":"2017-04-05T23:58:12.477Z","style":"KUNG_FU","action":"BLOCK","weapon":"ROPE","target":"HEAD","strength":1.1864} ]
2017-04-05 23:58:14,133 DEBUG n.a.d.j.g.l.KafkaLogger [Thread-2] Sending event to Kafka: [ {"timestamp":"2017-04-05T23:58:14.133Z","style":"DRUNKEN_BOXING","action":"PUNCH","weapon":"CHAIR","target":"HEAD","strength":8.5984} ]
2017-04-05 23:58:15,483 DEBUG n.a.d.j.g.l.KafkaLogger [Thread-2] Sending event to Kafka: [ {"timestamp":"2017-04-05T23:58:15.483Z","style":"WUSHU","action":"BLOCK","weapon":"ROPE","target":"HEAD","strength":9.7048} ]
2017-04-05 23:58:16,783 DEBUG n.a.d.j.g.l.KafkaLogger [Thread-2] Sending event to Kafka: [ {"timestamp":"2017-04-05T23:58:16.783Z","style":"KUNG_FU","action":"BLOCK","weapon":"STAFF","target":"ARMS","strength":4.54} ]
2017-04-05 23:58:17,810 DEBUG n.a.d.j.g.l.KafkaLogger [Thread-2] Sending event to Kafka: [ {"timestamp":"2017-04-05T23:58:17.810Z","style":"KUNG_FU","action":"KICK","weapon":"BROAD_SWORD","target":"ARMS","strength":3.7757} ]
2017-04-05 23:58:19,424 DEBUG n.a.d.j.g.l.KafkaLogger [Thread-2] Sending event to Kafka: [ {"timestamp":"2017-04-05T23:58:19.424Z","style":"DRUNKEN_BOXING","action":"PUNCH","weapon":"STAFF","target":"BODY","strength":7.0738} ]
2017-04-05 23:58:20,493 DEBUG n.a.d.j.g.l.KafkaLogger [Thread-2] Sending event to Kafka: [ {"timestamp":"2017-04-05T23:58:20.493Z","style":"WUSHU","action":"PUNCH","weapon":"CHAIR","target":"HEAD","strength":5.7883} ]
2017-04-05 23:58:22,297 DEBUG n.a.d.j.g.l.KafkaLogger [Thread-2] Sending event to Kafka: [ {"timestamp":"2017-04-05T23:58:22.297Z","style":"KUNG_FU","action":"KICK","weapon":"BROAD_SWORD","target":"BODY","strength":8.82} ]
2017-04-05 23:58:23,914 DEBUG n.a.d.j.g.l.KafkaLogger [Thread-2] Sending event to Kafka: [ {"timestamp":"2017-04-05T23:58:23.914Z","style":"KUNG_FU","action":"KICK","weapon":"CHAIR","target":"LEGS","strength":4.9044} ]
2017-04-05 23:58:25,775 DEBUG n.a.d.j.g.l.KafkaLogger [Thread-2] Sending event to Kafka: [ {"timestamp":"2017-04-05T23:58:25.774Z","style":"KUNG_FU","action":"PUNCH","weapon":"CHAIR","target":"HEAD","strength":5.1902} ]
2017-04-05 23:58:27,214 DEBUG n.a.d.j.g.l.KafkaLogger [Thread-2] Sending event to Kafka: [ {"timestamp":"2017-04-05T23:58:27.214Z","style":"DRUNKEN_BOXING","action":"BLOCK","weapon":"BROAD_SWORD","target":"HEAD","strength":2.6342} ]
2017-04-05 23:58:28,270 DEBUG n.a.d.j.g.l.KafkaLogger [Thread-2] Sending event to Kafka: [ {"timestamp":"2017-04-05T23:58:28.270Z","style":"WUSHU","action":"BLOCK","weapon":"STAFF","target":"LEGS","strength":2.2872} ]
2017-04-05 23:58:29,790 DEBUG n.a.d.j.g.l.KafkaLogger [Thread-2] Sending event to Kafka: [ {"timestamp":"2017-04-05T23:58:29.790Z","style":"WUSHU","action":"BLOCK","weapon":"ROPE","target":"LEGS","strength":8.6295} ]
2017-04-05 23:58:31,473 DEBUG n.a.d.j.g.l.KafkaLogger [Thread-2] Sending event to Kafka: [ {"timestamp":"2017-04-05T23:58:31.473Z","style":"WUSHU","action":"KICK","weapon":"CHAIR","target":"BODY","strength":1.3927} ]
2017-04-05 23:58:32,964 DEBUG n.a.d.j.g.l.KafkaLogger [Thread-2] Sending event to Kafka: [ {"timestamp":"2017-04-05T23:58:32.964Z","style":"WUSHU","action":"PUNCH","weapon":"BROAD_SWORD","target":"ARMS","strength":3.154} ]
2017-04-05 23:58:34,456 DEBUG n.a.d.j.g.l.KafkaLogger [Thread-2] Sending event to Kafka: [ {"timestamp":"2017-04-05T23:58:34.456Z","style":"WUSHU","action":"KICK","weapon":"STAFF","target":"BODY","strength":1.9003} ]
2017-04-05 23:58:36,029 DEBUG n.a.d.j.g.l.KafkaLogger [Thread-2] Sending event to Kafka: [ {"timestamp":"2017-04-05T23:58:36.029Z","style":"WUSHU","action":"JUMP","weapon":"STAFF","target":"LEGS","strength":9.8064} ]
2017-04-05 23:58:37,420 DEBUG n.a.d.j.g.l.KafkaLogger [Thread-2] Sending event to Kafka: [ {"timestamp":"2017-04-05T23:58:37.419Z","style":"KUNG_FU","action":"BLOCK","weapon":"ROPE","target":"HEAD","strength":1.1536} ]
2017-04-05 23:58:39,035 DEBUG n.a.d.j.g.l.KafkaLogger [Thread-2] Sending event to Kafka: [ {"timestamp":"2017-04-05T23:58:39.035Z","style":"DRUNKEN_BOXING","action":"BLOCK","weapon":"BROAD_SWORD","target":"BODY","strength":3.1141} ]
2017-04-05 23:58:40,300 DEBUG n.a.d.j.g.l.KafkaLogger [Thread-2] Sending event to Kafka: [ {"timestamp":"2017-04-05T23:58:40.299Z","style":"KUNG_FU","action":"BLOCK","weapon":"BROAD_SWORD","target":"ARMS","strength":1.2482} ]
2017-04-05 23:58:41,796 DEBUG n.a.d.j.g.l.KafkaLogger [Thread-2] Sending event to Kafka: [ {"timestamp":"2017-04-05T23:58:41.796Z","style":"DRUNKEN_BOXING","action":"JUMP","weapon":"STAFF","target":"BODY","strength":1.1479} ]
2017-04-05 23:58:43,189 DEBUG n.a.d.j.g.l.KafkaLogger [Thread-2] Sending event to Kafka: [ {"timestamp":"2017-04-05T23:58:43.189Z","style":"KUNG_FU","action":"JUMP","weapon":"ROPE","target":"BODY","strength":9.1654} ]
2017-04-05 23:58:44,326 DEBUG n.a.d.j.g.l.KafkaLogger [Thread-2] Sending event to Kafka: [ {"timestamp":"2017-04-05T23:58:44.326Z","style":"WUSHU","action":"JUMP","weapon":"CHAIR","target":"ARMS","strength":7.009} ]
2017-04-05 23:58:45,670 DEBUG n.a.d.j.g.l.KafkaLogger [Thread-2] Sending event to Kafka: [ {"timestamp":"2017-04-05T23:58:45.670Z","style":"KUNG_FU","action":"JUMP","weapon":"ROPE","target":"LEGS","strength":8.5414} ]
2017-04-05 23:58:47,328 DEBUG n.a.d.j.g.l.KafkaLogger [Thread-2] Sending event to Kafka: [ {"timestamp":"2017-04-05T23:58:47.328Z","style":"DRUNKEN_BOXING","action":"BLOCK","weapon":"BROAD_SWORD","target":"ARMS","strength":1.8828} ]
2017-04-05 23:58:48,545 DEBUG n.a.d.j.g.l.KafkaLogger [Thread-2] Sending event to Kafka: [ {"timestamp":"2017-04-05T23:58:48.544Z","style":"WUSHU","action":"PUNCH","weapon":"BROAD_SWORD","target":"ARMS","strength":3.3195} ]
2017-04-05 23:58:50,289 DEBUG n.a.d.j.g.l.KafkaLogger [Thread-2] Sending event to Kafka: [ {"timestamp":"2017-04-05T23:58:50.289Z","style":"WUSHU","action":"JUMP","weapon":"CHAIR","target":"LEGS","strength":1.9214} ]
2017-04-05 23:58:51,447 DEBUG n.a.d.j.g.l.KafkaLogger [Thread-2] Sending event to Kafka: [ {"timestamp":"2017-04-05T23:58:51.447Z","style":"WUSHU","action":"BLOCK","weapon":"ROPE","target":"HEAD","strength":6.547} ]
2017-04-05 23:58:52,722 DEBUG n.a.d.j.g.l.KafkaLogger [Thread-2] Sending event to Kafka: [ {"timestamp":"2017-04-05T23:58:52.722Z","style":"KUNG_FU","action":"BLOCK","weapon":"STAFF","target":"ARMS","strength":9.8905} ]
2017-04-05 23:58:54,002 DEBUG n.a.d.j.g.l.KafkaLogger [Thread-2] Sending event to Kafka: [ {"timestamp":"2017-04-05T23:58:54.002Z","style":"WUSHU","action":"JUMP","weapon":"CHAIR","target":"LEGS","strength":1.7024} ]
2017-04-05 23:58:55,340 DEBUG n.a.d.j.g.l.KafkaLogger [Thread-2] Sending event to Kafka: [ {"timestamp":"2017-04-05T23:58:55.339Z","style":"KUNG_FU","action":"PUNCH","weapon":"CHAIR","target":"ARMS","strength":1.7816} ]
2017-04-05 23:58:56,425 DEBUG n.a.d.j.g.l.KafkaLogger [Thread-2] Sending event to Kafka: [ {"timestamp":"2017-04-05T23:58:56.425Z","style":"DRUNKEN_BOXING","action":"BLOCK","weapon":"ROPE","target":"BODY","strength":4.3978} ]
2017-04-05 23:58:57,653 DEBUG n.a.d.j.g.l.KafkaLogger [Thread-2] Sending event to Kafka: [ {"timestamp":"2017-04-05T23:58:57.653Z","style":"DRUNKEN_BOXING","action":"JUMP","weapon":"STAFF","target":"LEGS","strength":8.239} ]
2017-04-05 23:58:58,717 DEBUG n.a.d.j.g.l.KafkaLogger [Thread-2] Sending event to Kafka: [ {"timestamp":"2017-04-05T23:58:58.716Z","style":"DRUNKEN_BOXING","action":"PUNCH","weapon":"BROAD_SWORD","target":"BODY","strength":7.7797} ]
2017-04-05 23:59:00,175 DEBUG n.a.d.j.g.l.KafkaLogger [Thread-2] Sending event to Kafka: [ {"timestamp":"2017-04-05T23:59:00.175Z","style":"WUSHU","action":"PUNCH","weapon":"ROPE","target":"ARMS","strength":8.0712} ]
2017-04-05 23:59:01,278 DEBUG n.a.d.j.g.l.KafkaLogger [Thread-2] Sending event to Kafka: [ {"timestamp":"2017-04-05T23:59:01.278Z","style":"KUNG_FU","action":"BLOCK","weapon":"BROAD_SWORD","target":"HEAD","strength":7.8452} ]
2017-04-05 23:59:02,609 DEBUG n.a.d.j.g.l.KafkaLogger [Thread-2] Sending event to Kafka: [ {"timestamp":"2017-04-05T23:59:02.609Z","style":"KUNG_FU","action":"PUNCH","weapon":"BROAD_SWORD","target":"ARMS","strength":9.5119} ]
2017-04-05 23:59:03,891 DEBUG n.a.d.j.g.l.KafkaLogger [Thread-2] Sending event to Kafka: [ {"timestamp":"2017-04-05T23:59:03.891Z","style":"DRUNKEN_BOXING","action":"JUMP","weapon":"STAFF","target":"HEAD","strength":7.5245} ]
2017-04-05 23:59:05,587 DEBUG n.a.d.j.g.l.KafkaLogger [Thread-2] Sending event to Kafka: [ {"timestamp":"2017-04-05T23:59:05.586Z","style":"WUSHU","action":"JUMP","weapon":"STAFF","target":"LEGS","strength":3.5485} ]
2017-04-05 23:59:06,941 DEBUG n.a.d.j.g.l.KafkaLogger [Thread-2] Sending event to Kafka: [ {"timestamp":"2017-04-05T23:59:06.940Z","style":"WUSHU","action":"KICK","weapon":"BROAD_SWORD","target":"BODY","strength":2.3181} ]
2017-04-05 23:59:08,474 DEBUG n.a.d.j.g.l.KafkaLogger [Thread-2] Sending event to Kafka: [ {"timestamp":"2017-04-05T23:59:08.474Z","style":"KUNG_FU","action":"JUMP","weapon":"ROPE","target":"LEGS","strength":2.1747} ]
2017-04-05 23:59:09,544 DEBUG n.a.d.j.g.l.KafkaLogger [Thread-2] Sending event to Kafka: [ {"timestamp":"2017-04-05T23:59:09.543Z","style":"KUNG_FU","action":"JUMP","weapon":"CHAIR","target":"LEGS","strength":8.4985} ]
2017-04-05 23:59:10,754 DEBUG n.a.d.j.g.l.KafkaLogger [Thread-2] Sending event to Kafka: [ {"timestamp":"2017-04-05T23:59:10.754Z","style":"DRUNKEN_BOXING","action":"JUMP","weapon":"BROAD_SWORD","target":"ARMS","strength":3.0193} ]
2017-04-05 23:59:12,429 DEBUG n.a.d.j.g.l.KafkaLogger [Thread-2] Sending event to Kafka: [ {"timestamp":"2017-04-05T23:59:12.429Z","style":"WUSHU","action":"KICK","weapon":"CHAIR","target":"HEAD","strength":4.1015} ]
2017-04-05 23:59:13,891 DEBUG n.a.d.j.g.l.KafkaLogger [Thread-2] Sending event to Kafka: [ {"timestamp":"2017-04-05T23:59:13.891Z","style":"DRUNKEN_BOXING","action":"JUMP","weapon":"ROPE","target":"ARMS","strength":4.4999} ]
2017-04-05 23:59:15,410 DEBUG n.a.d.j.g.l.KafkaLogger [Thread-2] Sending event to Kafka: [ {"timestamp":"2017-04-05T23:59:15.410Z","style":"DRUNKEN_BOXING","action":"BLOCK","weapon":"ROPE","target":"BODY","strength":2.7931} ]
2017-04-05 23:59:17,018 DEBUG n.a.d.j.g.l.KafkaLogger [Thread-2] Sending event to Kafka: [ {"timestamp":"2017-04-05T23:59:17.018Z","style":"WUSHU","action":"JUMP","weapon":"STAFF","target":"LEGS","strength":8.523} ]
2017-04-05 23:59:18,696 DEBUG n.a.d.j.g.l.KafkaLogger [Thread-2] Sending event to Kafka: [ {"timestamp":"2017-04-05T23:59:18.696Z","style":"KUNG_FU","action":"JUMP","weapon":"ROPE","target":"ARMS","strength":6.0542} ]
2017-04-05 23:59:20,028 DEBUG n.a.d.j.g.l.KafkaLogger [Thread-2] Sending event to Kafka: [ {"timestamp":"2017-04-05T23:59:20.028Z","style":"DRUNKEN_BOXING","action":"KICK","weapon":"ROPE","target":"ARMS","strength":9.2499} ]
2017-04-05 23:59:21,519 DEBUG n.a.d.j.g.l.KafkaLogger [Thread-2] Sending event to Kafka: [ {"timestamp":"2017-04-05T23:59:21.519Z","style":"DRUNKEN_BOXING","action":"KICK","weapon":"STAFF","target":"LEGS","strength":9.3012} ]
2017-04-05 23:59:22,639 DEBUG n.a.d.j.g.l.KafkaLogger [Thread-2] Sending event to Kafka: [ {"timestamp":"2017-04-05T23:59:22.639Z","style":"WUSHU","action":"BLOCK","weapon":"STAFF","target":"LEGS","strength":4.5585} ]
2017-04-05 23:59:23,864 DEBUG n.a.d.j.g.l.KafkaLogger [Thread-2] Sending event to Kafka: [ {"timestamp":"2017-04-05T23:59:23.864Z","style":"WUSHU","action":"JUMP","weapon":"CHAIR","target":"ARMS","strength":8.5481} ]
2017-04-05 23:59:25,134 DEBUG n.a.d.j.g.l.KafkaLogger [Thread-2] Sending event to Kafka: [ {"timestamp":"2017-04-05T23:59:25.134Z","style":"DRUNKEN_BOXING","action":"BLOCK","weapon":"ROPE","target":"HEAD","strength":9.3948} ]
2017-04-05 23:59:26,604 DEBUG n.a.d.j.g.l.KafkaLogger [Thread-2] Sending event to Kafka: [ {"timestamp":"2017-04-05T23:59:26.604Z","style":"DRUNKEN_BOXING","action":"BLOCK","weapon":"ROPE","target":"HEAD","strength":7.0032} ]
2017-04-05 23:59:28,284 DEBUG n.a.d.j.g.l.KafkaLogger [Thread-2] Sending event to Kafka: [ {"timestamp":"2017-04-05T23:59:28.284Z","style":"DRUNKEN_BOXING","action":"BLOCK","weapon":"CHAIR","target":"BODY","strength":9.1385} ]
2017-04-05 23:59:29,538 DEBUG n.a.d.j.g.l.KafkaLogger [Thread-2] Sending event to Kafka: [ {"timestamp":"2017-04-05T23:59:29.538Z","style":"WUSHU","action":"BLOCK","weapon":"BROAD_SWORD","target":"LEGS","strength":5.7299} ]
2017-04-05 23:59:31,026 DEBUG n.a.d.j.g.l.KafkaLogger [Thread-2] Sending event to Kafka: [ {"timestamp":"2017-04-05T23:59:31.026Z","style":"DRUNKEN_BOXING","action":"KICK","weapon":"CHAIR","target":"HEAD","strength":1.6385} ]
2017-04-05 23:59:32,503 DEBUG n.a.d.j.g.l.KafkaLogger [Thread-2] Sending event to Kafka: [ {"timestamp":"2017-04-05T23:59:32.503Z","style":"WUSHU","action":"BLOCK","weapon":"ROPE","target":"HEAD","strength":4.8238} ]
2017-04-05 23:59:33,944 DEBUG n.a.d.j.g.l.KafkaLogger [Thread-2] Sending event to Kafka: [ {"timestamp":"2017-04-05T23:59:33.944Z","style":"KUNG_FU","action":"BLOCK","weapon":"CHAIR","target":"BODY","strength":1.5237} ]
2017-04-05 23:59:35,396 DEBUG n.a.d.j.g.l.KafkaLogger [Thread-2] Sending event to Kafka: [ {"timestamp":"2017-04-05T23:59:35.396Z","style":"WUSHU","action":"BLOCK","weapon":"CHAIR","target":"LEGS","strength":6.7816} ]
2017-04-05 23:59:37,008 DEBUG n.a.d.j.g.l.KafkaLogger [Thread-2] Sending event to Kafka: [ {"timestamp":"2017-04-05T23:59:37.008Z","style":"DRUNKEN_BOXING","action":"PUNCH","weapon":"ROPE","target":"LEGS","strength":4.4145} ]
2017-04-05 23:59:38,683 DEBUG n.a.d.j.g.l.KafkaLogger [Thread-2] Sending event to Kafka: [ {"timestamp":"2017-04-05T23:59:38.683Z","style":"WUSHU","action":"BLOCK","weapon":"BROAD_SWORD","target":"ARMS","strength":4.1465} ]
2017-04-05 23:59:40,478 DEBUG n.a.d.j.g.l.KafkaLogger [Thread-2] Sending event to Kafka: [ {"timestamp":"2017-04-05T23:59:40.478Z","style":"WUSHU","action":"KICK","weapon":"CHAIR","target":"ARMS","strength":6.4658} ]
2017-04-05 23:59:41,803 DEBUG n.a.d.j.g.l.KafkaLogger [Thread-2] Sending event to Kafka: [ {"timestamp":"2017-04-05T23:59:41.802Z","style":"KUNG_FU","action":"PUNCH","weapon":"STAFF","target":"ARMS","strength":2.5889} ]
2017-04-05 23:59:43,173 DEBUG n.a.d.j.g.l.KafkaLogger [Thread-2] Sending event to Kafka: [ {"timestamp":"2017-04-05T23:59:43.173Z","style":"DRUNKEN_BOXING","action":"BLOCK","weapon":"ROPE","target":"LEGS","strength":7.32} ]
2017-04-05 23:59:44,509 DEBUG n.a.d.j.g.l.KafkaLogger [Thread-2] Sending event to Kafka: [ {"timestamp":"2017-04-05T23:59:44.509Z","style":"WUSHU","action":"BLOCK","weapon":"STAFF","target":"ARMS","strength":6.253} ]
2017-04-05 23:59:46,008 DEBUG n.a.d.j.g.l.KafkaLogger [Thread-2] Sending event to Kafka: [ {"timestamp":"2017-04-05T23:59:46.008Z","style":"WUSHU","action":"KICK","weapon":"BROAD_SWORD","target":"ARMS","strength":8.6676} ]
2017-04-05 23:59:47,327 DEBUG n.a.d.j.g.l.KafkaLogger [Thread-2] Sending event to Kafka: [ {"timestamp":"2017-04-05T23:59:47.327Z","style":"DRUNKEN_BOXING","action":"PUNCH","weapon":"ROPE","target":"LEGS","strength":5.1105} ]
2017-04-05 23:59:48,396 DEBUG n.a.d.j.g.l.KafkaLogger [Thread-2] Sending event to Kafka: [ {"timestamp":"2017-04-05T23:59:48.396Z","style":"KUNG_FU","action":"JUMP","weapon":"ROPE","target":"ARMS","strength":1.6628} ]
2017-04-05 23:59:49,513 DEBUG n.a.d.j.g.l.KafkaLogger [Thread-2] Sending event to Kafka: [ {"timestamp":"2017-04-05T23:59:49.513Z","style":"WUSHU","action":"BLOCK","weapon":"STAFF","target":"ARMS","strength":4.8001} ]
2017-04-05 23:59:51,186 DEBUG n.a.d.j.g.l.KafkaLogger [Thread-2] Sending event to Kafka: [ {"timestamp":"2017-04-05T23:59:51.186Z","style":"DRUNKEN_BOXING","action":"BLOCK","weapon":"ROPE","target":"LEGS","strength":3.9509} ]
2017-04-05 23:59:52,421 DEBUG n.a.d.j.g.l.KafkaLogger [Thread-2] Sending event to Kafka: [ {"timestamp":"2017-04-05T23:59:52.421Z","style":"DRUNKEN_BOXING","action":"BLOCK","weapon":"BROAD_SWORD","target":"BODY","strength":7.7914} ]
2017-04-05 23:59:53,691 DEBUG n.a.d.j.g.l.KafkaLogger [Thread-2] Sending event to Kafka: [ {"timestamp":"2017-04-05T23:59:53.691Z","style":"KUNG_FU","action":"PUNCH","weapon":"ROPE","target":"LEGS","strength":7.9097} ]
2017-04-05 23:59:55,083 DEBUG n.a.d.j.g.l.KafkaLogger [Thread-2] Sending event to Kafka: [ {"timestamp":"2017-04-05T23:59:55.083Z","style":"DRUNKEN_BOXING","action":"JUMP","weapon":"ROPE","target":"LEGS","strength":9.9408} ]
2017-04-05 23:59:56,203 DEBUG n.a.d.j.g.l.KafkaLogger [Thread-2] Sending event to Kafka: [ {"timestamp":"2017-04-05T23:59:56.203Z","style":"DRUNKEN_BOXING","action":"KICK","weapon":"CHAIR","target":"ARMS","strength":7.3214} ]
2017-04-05 23:59:57,468 DEBUG n.a.d.j.g.l.KafkaLogger [Thread-2] Sending event to Kafka: [ {"timestamp":"2017-04-05T23:59:57.468Z","style":"DRUNKEN_BOXING","action":"JUMP","weapon":"ROPE","target":"LEGS","strength":2.5556} ]
2017-04-05 23:59:59,127 DEBUG n.a.d.j.g.l.KafkaLogger [Thread-2] Sending event to Kafka: [ {"timestamp":"2017-04-05T23:59:59.127Z","style":"KUNG_FU","action":"KICK","weapon":"BROAD_SWORD","target":"ARMS","strength":8.3455} ]
